CRITICAL - 2023-02-23 22:50:22 --> Call to undefined function int()
#0 C:\xampp\htdocs\diamondnxt\system\View\View.php(246): include()
#1 C:\xampp\htdocs\diamondnxt\system\Common.php(1119): CodeIgniter\View\View->render('themes/website_...', Array, true)
#2 C:\xampp\htdocs\diamondnxt\app\Modules\Website\Controllers\Home.php(101): view('themes/website_...', Array)
#3 C:\xampp\htdocs\diamondnxt\system\CodeIgniter.php(926): App\Modules\Website\Controllers\Home->nft_details('1', '1', '0x90dd75038CF86...')
#4 C:\xampp\htdocs\diamondnxt\system\CodeIgniter.php(412): CodeIgniter\CodeIgniter->runController(Object(App\Modules\Website\Controllers\Home))
#5 C:\xampp\htdocs\diamondnxt\system\CodeIgniter.php(320): CodeIgniter\CodeIgniter->handleRequest(NULL, Object(Config\Cache), false)
#6 C:\xampp\htdocs\diamondnxt\index.php(64): CodeIgniter\CodeIgniter->run()
#7 {main}
CRITICAL - 2023-02-23 22:50:26 --> Call to undefined function int()
#0 C:\xampp\htdocs\diamondnxt\system\View\View.php(246): include()
#1 C:\xampp\htdocs\diamondnxt\system\Common.php(1119): CodeIgniter\View\View->render('themes/website_...', Array, true)
#2 C:\xampp\htdocs\diamondnxt\app\Modules\Website\Controllers\Home.php(101): view('themes/website_...', Array)
#3 C:\xampp\htdocs\diamondnxt\system\CodeIgniter.php(926): App\Modules\Website\Controllers\Home->nft_details('1', '1', '0x90dd75038CF86...')
#4 C:\xampp\htdocs\diamondnxt\system\CodeIgniter.php(412): CodeIgniter\CodeIgniter->runController(Object(App\Modules\Website\Controllers\Home))
#5 C:\xampp\htdocs\diamondnxt\system\CodeIgniter.php(320): CodeIgniter\CodeIgniter->handleRequest(NULL, Object(Config\Cache), false)
#6 C:\xampp\htdocs\diamondnxt\index.php(64): CodeIgniter\CodeIgniter->run()
#7 {main}
CRITICAL - 2023-02-23 22:50:49 --> Call to undefined function int()
#0 C:\xampp\htdocs\diamondnxt\system\View\View.php(246): include()
#1 C:\xampp\htdocs\diamondnxt\system\Common.php(1119): CodeIgniter\View\View->render('themes/website_...', Array, true)
#2 C:\xampp\htdocs\diamondnxt\app\Modules\Website\Controllers\Home.php(101): view('themes/website_...', Array)
#3 C:\xampp\htdocs\diamondnxt\system\CodeIgniter.php(926): App\Modules\Website\Controllers\Home->nft_details('1', '1', '0x90dd75038CF86...')
#4 C:\xampp\htdocs\diamondnxt\system\CodeIgniter.php(412): CodeIgniter\CodeIgniter->runController(Object(App\Modules\Website\Controllers\Home))
#5 C:\xampp\htdocs\diamondnxt\system\CodeIgniter.php(320): CodeIgniter\CodeIgniter->handleRequest(NULL, Object(Config\Cache), false)
#6 C:\xampp\htdocs\diamondnxt\index.php(64): CodeIgniter\CodeIgniter->run()
#7 {main}
CRITICAL - 2023-02-23 22:51:00 --> Call to undefined function int()
#0 C:\xampp\htdocs\diamondnxt\system\View\View.php(246): include()
#1 C:\xampp\htdocs\diamondnxt\system\Common.php(1119): CodeIgniter\View\View->render('themes/website_...', Array, true)
#2 C:\xampp\htdocs\diamondnxt\app\Modules\Website\Controllers\Home.php(101): view('themes/website_...', Array)
#3 C:\xampp\htdocs\diamondnxt\system\CodeIgniter.php(926): App\Modules\Website\Controllers\Home->nft_details('1', '1', '0x90dd75038CF86...')
#4 C:\xampp\htdocs\diamondnxt\system\CodeIgniter.php(412): CodeIgniter\CodeIgniter->runController(Object(App\Modules\Website\Controllers\Home))
#5 C:\xampp\htdocs\diamondnxt\system\CodeIgniter.php(320): CodeIgniter\CodeIgniter->handleRequest(NULL, Object(Config\Cache), false)
#6 C:\xampp\htdocs\diamondnxt\index.php(64): CodeIgniter\CodeIgniter->run()
#7 {main}
