CRITICAL - 2023-02-15 13:40:22 --> Unable to connect to the database.
#0 /Applications/MAMP/htdocs/diamondnxt/system/Database/BaseConnection.php(646): CodeIgniter\Database\BaseConnection->initialize()
#1 /Applications/MAMP/htdocs/diamondnxt/system/Controller.php(130): CodeIgniter\Database\BaseConnection->query('SET SESSION sql...')
#2 /Applications/MAMP/htdocs/diamondnxt/app/Modules/Website/Controllers/BaseController.php(45): CodeIgniter\Controller->initController(Object(CodeIgniter\HTTP\IncomingRequest), Object(CodeIgniter\HTTP\Response), Object(CodeIgniter\Log\Logger))
#3 /Applications/MAMP/htdocs/diamondnxt/system/CodeIgniter.php(899): App\Modules\Website\Controllers\BaseController->initController(Object(CodeIgniter\HTTP\IncomingRequest), Object(CodeIgniter\HTTP\Response), Object(CodeIgniter\Log\Logger))
#4 /Applications/MAMP/htdocs/diamondnxt/system/CodeIgniter.php(407): CodeIgniter\CodeIgniter->createController()
#5 /Applications/MAMP/htdocs/diamondnxt/system/CodeIgniter.php(320): CodeIgniter\CodeIgniter->handleRequest(NULL, Object(Config\Cache), false)
#6 /Applications/MAMP/htdocs/diamondnxt/index.php(64): CodeIgniter\CodeIgniter->run()
#7 {main}
CRITICAL - 2023-02-15 20:02:51 --> Unable to connect to the database.
#0 /home/ptleghas/diamondnxt.ptlearningzone.com/system/Database/BaseConnection.php(646): CodeIgniter\Database\BaseConnection->initialize()
#1 /home/ptleghas/diamondnxt.ptlearningzone.com/system/Controller.php(130): CodeIgniter\Database\BaseConnection->query('SET SESSION sql...')
#2 /home/ptleghas/diamondnxt.ptlearningzone.com/app/Modules/Website/Controllers/BaseController.php(45): CodeIgniter\Controller->initController(Object(CodeIgniter\HTTP\IncomingRequest), Object(CodeIgniter\HTTP\Response), Object(CodeIgniter\Log\Logger))
#3 /home/ptleghas/diamondnxt.ptlearningzone.com/system/CodeIgniter.php(899): App\Modules\Website\Controllers\BaseController->initController(Object(CodeIgniter\HTTP\IncomingRequest), Object(CodeIgniter\HTTP\Response), Object(CodeIgniter\Log\Logger))
#4 /home/ptleghas/diamondnxt.ptlearningzone.com/system/CodeIgniter.php(407): CodeIgniter\CodeIgniter->createController()
#5 /home/ptleghas/diamondnxt.ptlearningzone.com/system/CodeIgniter.php(320): CodeIgniter\CodeIgniter->handleRequest(NULL, Object(Config\Cache), false)
#6 /home/ptleghas/diamondnxt.ptlearningzone.com/index.php(64): CodeIgniter\CodeIgniter->run()
#7 {main}
CRITICAL - 2023-02-15 20:02:58 --> Unable to connect to the database.
#0 /home/ptleghas/diamondnxt.ptlearningzone.com/system/Database/BaseConnection.php(646): CodeIgniter\Database\BaseConnection->initialize()
#1 /home/ptleghas/diamondnxt.ptlearningzone.com/system/Controller.php(130): CodeIgniter\Database\BaseConnection->query('SET SESSION sql...')
#2 /home/ptleghas/diamondnxt.ptlearningzone.com/app/Modules/Website/Controllers/BaseController.php(45): CodeIgniter\Controller->initController(Object(CodeIgniter\HTTP\IncomingRequest), Object(CodeIgniter\HTTP\Response), Object(CodeIgniter\Log\Logger))
#3 /home/ptleghas/diamondnxt.ptlearningzone.com/system/CodeIgniter.php(899): App\Modules\Website\Controllers\BaseController->initController(Object(CodeIgniter\HTTP\IncomingRequest), Object(CodeIgniter\HTTP\Response), Object(CodeIgniter\Log\Logger))
#4 /home/ptleghas/diamondnxt.ptlearningzone.com/system/CodeIgniter.php(407): CodeIgniter\CodeIgniter->createController()
#5 /home/ptleghas/diamondnxt.ptlearningzone.com/system/CodeIgniter.php(320): CodeIgniter\CodeIgniter->handleRequest(NULL, Object(Config\Cache), false)
#6 /home/ptleghas/diamondnxt.ptlearningzone.com/index.php(64): CodeIgniter\CodeIgniter->run()
#7 {main}
CRITICAL - 2023-02-15 20:03:03 --> Unable to connect to the database.
#0 /home/ptleghas/diamondnxt.ptlearningzone.com/system/Database/BaseConnection.php(646): CodeIgniter\Database\BaseConnection->initialize()
#1 /home/ptleghas/diamondnxt.ptlearningzone.com/system/Controller.php(130): CodeIgniter\Database\BaseConnection->query('SET SESSION sql...')
#2 /home/ptleghas/diamondnxt.ptlearningzone.com/app/Modules/Website/Controllers/BaseController.php(45): CodeIgniter\Controller->initController(Object(CodeIgniter\HTTP\IncomingRequest), Object(CodeIgniter\HTTP\Response), Object(CodeIgniter\Log\Logger))
#3 /home/ptleghas/diamondnxt.ptlearningzone.com/system/CodeIgniter.php(899): App\Modules\Website\Controllers\BaseController->initController(Object(CodeIgniter\HTTP\IncomingRequest), Object(CodeIgniter\HTTP\Response), Object(CodeIgniter\Log\Logger))
#4 /home/ptleghas/diamondnxt.ptlearningzone.com/system/CodeIgniter.php(407): CodeIgniter\CodeIgniter->createController()
#5 /home/ptleghas/diamondnxt.ptlearningzone.com/system/CodeIgniter.php(320): CodeIgniter\CodeIgniter->handleRequest(NULL, Object(Config\Cache), false)
#6 /home/ptleghas/diamondnxt.ptlearningzone.com/index.php(64): CodeIgniter\CodeIgniter->run()
#7 {main}
CRITICAL - 2023-02-15 20:04:20 --> Unable to connect to the database.
#0 /home/ptleghas/diamondnxt.ptlearningzone.com/system/Database/BaseConnection.php(646): CodeIgniter\Database\BaseConnection->initialize()
#1 /home/ptleghas/diamondnxt.ptlearningzone.com/system/Controller.php(130): CodeIgniter\Database\BaseConnection->query('SET SESSION sql...')
#2 /home/ptleghas/diamondnxt.ptlearningzone.com/app/Modules/Website/Controllers/BaseController.php(45): CodeIgniter\Controller->initController(Object(CodeIgniter\HTTP\IncomingRequest), Object(CodeIgniter\HTTP\Response), Object(CodeIgniter\Log\Logger))
#3 /home/ptleghas/diamondnxt.ptlearningzone.com/system/CodeIgniter.php(899): App\Modules\Website\Controllers\BaseController->initController(Object(CodeIgniter\HTTP\IncomingRequest), Object(CodeIgniter\HTTP\Response), Object(CodeIgniter\Log\Logger))
#4 /home/ptleghas/diamondnxt.ptlearningzone.com/system/CodeIgniter.php(407): CodeIgniter\CodeIgniter->createController()
#5 /home/ptleghas/diamondnxt.ptlearningzone.com/system/CodeIgniter.php(320): CodeIgniter\CodeIgniter->handleRequest(NULL, Object(Config\Cache), false)
#6 /home/ptleghas/diamondnxt.ptlearningzone.com/index.php(64): CodeIgniter\CodeIgniter->run()
#7 {main}
CRITICAL - 2023-02-15 20:10:32 --> Unable to connect to the database.
#0 /home/ptleghas/diamondnxt.ptlearningzone.com/system/Database/BaseConnection.php(646): CodeIgniter\Database\BaseConnection->initialize()
#1 /home/ptleghas/diamondnxt.ptlearningzone.com/system/Controller.php(130): CodeIgniter\Database\BaseConnection->query('SET SESSION sql...')
#2 /home/ptleghas/diamondnxt.ptlearningzone.com/app/Modules/Website/Controllers/BaseController.php(45): CodeIgniter\Controller->initController(Object(CodeIgniter\HTTP\IncomingRequest), Object(CodeIgniter\HTTP\Response), Object(CodeIgniter\Log\Logger))
#3 /home/ptleghas/diamondnxt.ptlearningzone.com/system/CodeIgniter.php(899): App\Modules\Website\Controllers\BaseController->initController(Object(CodeIgniter\HTTP\IncomingRequest), Object(CodeIgniter\HTTP\Response), Object(CodeIgniter\Log\Logger))
#4 /home/ptleghas/diamondnxt.ptlearningzone.com/system/CodeIgniter.php(407): CodeIgniter\CodeIgniter->createController()
#5 /home/ptleghas/diamondnxt.ptlearningzone.com/system/CodeIgniter.php(320): CodeIgniter\CodeIgniter->handleRequest(NULL, Object(Config\Cache), false)
#6 /home/ptleghas/diamondnxt.ptlearningzone.com/index.php(64): CodeIgniter\CodeIgniter->run()
#7 {main}
