CRITICAL - 2023-02-10 14:26:50 --> Unable to connect to the database.
#0 C:\xampp\htdocs\diamondnxt\system\Database\BaseConnection.php(646): CodeIgniter\Database\BaseConnection->initialize()
#1 C:\xampp\htdocs\diamondnxt\system\Controller.php(130): CodeIgniter\Database\BaseConnection->query('SET SESSION sql...')
#2 C:\xampp\htdocs\diamondnxt\app\Modules\Website\Controllers\BaseController.php(45): CodeIgniter\Controller->initController(Object(CodeIgniter\HTTP\IncomingRequest), Object(CodeIgniter\HTTP\Response), Object(CodeIgniter\Log\Logger))
#3 C:\xampp\htdocs\diamondnxt\system\CodeIgniter.php(899): App\Modules\Website\Controllers\BaseController->initController(Object(CodeIgniter\HTTP\IncomingRequest), Object(CodeIgniter\HTTP\Response), Object(CodeIgniter\Log\Logger))
#4 C:\xampp\htdocs\diamondnxt\system\CodeIgniter.php(407): CodeIgniter\CodeIgniter->createController()
#5 C:\xampp\htdocs\diamondnxt\system\CodeIgniter.php(320): CodeIgniter\CodeIgniter->handleRequest(NULL, Object(Config\Cache), false)
#6 C:\xampp\htdocs\diamondnxt\index.php(64): CodeIgniter\CodeIgniter->run()
#7 {main}
CRITICAL - 2023-02-10 14:26:58 --> Unable to connect to the database.
#0 C:\xampp\htdocs\diamondnxt\system\Database\BaseConnection.php(646): CodeIgniter\Database\BaseConnection->initialize()
#1 C:\xampp\htdocs\diamondnxt\system\Controller.php(130): CodeIgniter\Database\BaseConnection->query('SET SESSION sql...')
#2 C:\xampp\htdocs\diamondnxt\app\Modules\Website\Controllers\BaseController.php(45): CodeIgniter\Controller->initController(Object(CodeIgniter\HTTP\IncomingRequest), Object(CodeIgniter\HTTP\Response), Object(CodeIgniter\Log\Logger))
#3 C:\xampp\htdocs\diamondnxt\system\CodeIgniter.php(899): App\Modules\Website\Controllers\BaseController->initController(Object(CodeIgniter\HTTP\IncomingRequest), Object(CodeIgniter\HTTP\Response), Object(CodeIgniter\Log\Logger))
#4 C:\xampp\htdocs\diamondnxt\system\CodeIgniter.php(407): CodeIgniter\CodeIgniter->createController()
#5 C:\xampp\htdocs\diamondnxt\system\CodeIgniter.php(320): CodeIgniter\CodeIgniter->handleRequest(NULL, Object(Config\Cache), false)
#6 C:\xampp\htdocs\diamondnxt\index.php(64): CodeIgniter\CodeIgniter->run()
#7 {main}
CRITICAL - 2023-02-10 14:26:59 --> Unable to connect to the database.
#0 C:\xampp\htdocs\diamondnxt\system\Database\BaseConnection.php(646): CodeIgniter\Database\BaseConnection->initialize()
#1 C:\xampp\htdocs\diamondnxt\system\Controller.php(130): CodeIgniter\Database\BaseConnection->query('SET SESSION sql...')
#2 C:\xampp\htdocs\diamondnxt\app\Modules\Website\Controllers\BaseController.php(45): CodeIgniter\Controller->initController(Object(CodeIgniter\HTTP\IncomingRequest), Object(CodeIgniter\HTTP\Response), Object(CodeIgniter\Log\Logger))
#3 C:\xampp\htdocs\diamondnxt\system\CodeIgniter.php(899): App\Modules\Website\Controllers\BaseController->initController(Object(CodeIgniter\HTTP\IncomingRequest), Object(CodeIgniter\HTTP\Response), Object(CodeIgniter\Log\Logger))
#4 C:\xampp\htdocs\diamondnxt\system\CodeIgniter.php(407): CodeIgniter\CodeIgniter->createController()
#5 C:\xampp\htdocs\diamondnxt\system\CodeIgniter.php(320): CodeIgniter\CodeIgniter->handleRequest(NULL, Object(Config\Cache), false)
#6 C:\xampp\htdocs\diamondnxt\index.php(64): CodeIgniter\CodeIgniter->run()
#7 {main}
CRITICAL - 2023-02-10 14:26:59 --> Unable to connect to the database.
#0 C:\xampp\htdocs\diamondnxt\system\Database\BaseConnection.php(646): CodeIgniter\Database\BaseConnection->initialize()
#1 C:\xampp\htdocs\diamondnxt\system\Controller.php(130): CodeIgniter\Database\BaseConnection->query('SET SESSION sql...')
#2 C:\xampp\htdocs\diamondnxt\app\Modules\Website\Controllers\BaseController.php(45): CodeIgniter\Controller->initController(Object(CodeIgniter\HTTP\IncomingRequest), Object(CodeIgniter\HTTP\Response), Object(CodeIgniter\Log\Logger))
#3 C:\xampp\htdocs\diamondnxt\system\CodeIgniter.php(899): App\Modules\Website\Controllers\BaseController->initController(Object(CodeIgniter\HTTP\IncomingRequest), Object(CodeIgniter\HTTP\Response), Object(CodeIgniter\Log\Logger))
#4 C:\xampp\htdocs\diamondnxt\system\CodeIgniter.php(407): CodeIgniter\CodeIgniter->createController()
#5 C:\xampp\htdocs\diamondnxt\system\CodeIgniter.php(320): CodeIgniter\CodeIgniter->handleRequest(NULL, Object(Config\Cache), false)
#6 C:\xampp\htdocs\diamondnxt\index.php(64): CodeIgniter\CodeIgniter->run()
#7 {main}
CRITICAL - 2023-02-10 15:31:19 --> Unable to connect to the database.
#0 C:\xampp\htdocs\diamondnxt\system\Database\BaseConnection.php(646): CodeIgniter\Database\BaseConnection->initialize()
#1 C:\xampp\htdocs\diamondnxt\system\Controller.php(130): CodeIgniter\Database\BaseConnection->query('SET SESSION sql...')
#2 C:\xampp\htdocs\diamondnxt\app\Modules\Website\Controllers\BaseController.php(45): CodeIgniter\Controller->initController(Object(CodeIgniter\HTTP\IncomingRequest), Object(CodeIgniter\HTTP\Response), Object(CodeIgniter\Log\Logger))
#3 C:\xampp\htdocs\diamondnxt\system\CodeIgniter.php(899): App\Modules\Website\Controllers\BaseController->initController(Object(CodeIgniter\HTTP\IncomingRequest), Object(CodeIgniter\HTTP\Response), Object(CodeIgniter\Log\Logger))
#4 C:\xampp\htdocs\diamondnxt\system\CodeIgniter.php(407): CodeIgniter\CodeIgniter->createController()
#5 C:\xampp\htdocs\diamondnxt\system\CodeIgniter.php(320): CodeIgniter\CodeIgniter->handleRequest(NULL, Object(Config\Cache), false)
#6 C:\xampp\htdocs\diamondnxt\index.php(64): CodeIgniter\CodeIgniter->run()
#7 {main}
CRITICAL - 2023-02-10 15:33:54 --> Unable to connect to the database.
#0 C:\xampp\htdocs\diamondnxt\system\Database\BaseConnection.php(646): CodeIgniter\Database\BaseConnection->initialize()
#1 C:\xampp\htdocs\diamondnxt\system\Controller.php(130): CodeIgniter\Database\BaseConnection->query('SET SESSION sql...')
#2 C:\xampp\htdocs\diamondnxt\app\Modules\Website\Controllers\BaseController.php(45): CodeIgniter\Controller->initController(Object(CodeIgniter\HTTP\IncomingRequest), Object(CodeIgniter\HTTP\Response), Object(CodeIgniter\Log\Logger))
#3 C:\xampp\htdocs\diamondnxt\system\CodeIgniter.php(899): App\Modules\Website\Controllers\BaseController->initController(Object(CodeIgniter\HTTP\IncomingRequest), Object(CodeIgniter\HTTP\Response), Object(CodeIgniter\Log\Logger))
#4 C:\xampp\htdocs\diamondnxt\system\CodeIgniter.php(407): CodeIgniter\CodeIgniter->createController()
#5 C:\xampp\htdocs\diamondnxt\system\CodeIgniter.php(320): CodeIgniter\CodeIgniter->handleRequest(NULL, Object(Config\Cache), false)
#6 C:\xampp\htdocs\diamondnxt\index.php(64): CodeIgniter\CodeIgniter->run()
#7 {main}
CRITICAL - 2023-02-10 15:33:55 --> Unable to connect to the database.
#0 C:\xampp\htdocs\diamondnxt\system\Database\BaseConnection.php(646): CodeIgniter\Database\BaseConnection->initialize()
#1 C:\xampp\htdocs\diamondnxt\system\Controller.php(130): CodeIgniter\Database\BaseConnection->query('SET SESSION sql...')
#2 C:\xampp\htdocs\diamondnxt\app\Modules\Website\Controllers\BaseController.php(45): CodeIgniter\Controller->initController(Object(CodeIgniter\HTTP\IncomingRequest), Object(CodeIgniter\HTTP\Response), Object(CodeIgniter\Log\Logger))
#3 C:\xampp\htdocs\diamondnxt\system\CodeIgniter.php(899): App\Modules\Website\Controllers\BaseController->initController(Object(CodeIgniter\HTTP\IncomingRequest), Object(CodeIgniter\HTTP\Response), Object(CodeIgniter\Log\Logger))
#4 C:\xampp\htdocs\diamondnxt\system\CodeIgniter.php(407): CodeIgniter\CodeIgniter->createController()
#5 C:\xampp\htdocs\diamondnxt\system\CodeIgniter.php(320): CodeIgniter\CodeIgniter->handleRequest(NULL, Object(Config\Cache), false)
#6 C:\xampp\htdocs\diamondnxt\index.php(64): CodeIgniter\CodeIgniter->run()
#7 {main}
CRITICAL - 2023-02-10 15:34:33 --> Unable to connect to the database.
#0 C:\xampp\htdocs\diamondnxt\system\Database\BaseConnection.php(646): CodeIgniter\Database\BaseConnection->initialize()
#1 C:\xampp\htdocs\diamondnxt\system\Controller.php(130): CodeIgniter\Database\BaseConnection->query('SET SESSION sql...')
#2 C:\xampp\htdocs\diamondnxt\app\Modules\Website\Controllers\BaseController.php(45): CodeIgniter\Controller->initController(Object(CodeIgniter\HTTP\IncomingRequest), Object(CodeIgniter\HTTP\Response), Object(CodeIgniter\Log\Logger))
#3 C:\xampp\htdocs\diamondnxt\system\CodeIgniter.php(899): App\Modules\Website\Controllers\BaseController->initController(Object(CodeIgniter\HTTP\IncomingRequest), Object(CodeIgniter\HTTP\Response), Object(CodeIgniter\Log\Logger))
#4 C:\xampp\htdocs\diamondnxt\system\CodeIgniter.php(407): CodeIgniter\CodeIgniter->createController()
#5 C:\xampp\htdocs\diamondnxt\system\CodeIgniter.php(320): CodeIgniter\CodeIgniter->handleRequest(NULL, Object(Config\Cache), false)
#6 C:\xampp\htdocs\diamondnxt\index.php(64): CodeIgniter\CodeIgniter->run()
#7 {main}
CRITICAL - 2023-02-10 15:38:22 --> Unable to connect to the database.
#0 C:\xampp\htdocs\diamondnxt\system\Database\BaseConnection.php(646): CodeIgniter\Database\BaseConnection->initialize()
#1 C:\xampp\htdocs\diamondnxt\system\Controller.php(130): CodeIgniter\Database\BaseConnection->query('SET SESSION sql...')
#2 C:\xampp\htdocs\diamondnxt\app\Modules\Website\Controllers\BaseController.php(45): CodeIgniter\Controller->initController(Object(CodeIgniter\HTTP\IncomingRequest), Object(CodeIgniter\HTTP\Response), Object(CodeIgniter\Log\Logger))
#3 C:\xampp\htdocs\diamondnxt\system\CodeIgniter.php(899): App\Modules\Website\Controllers\BaseController->initController(Object(CodeIgniter\HTTP\IncomingRequest), Object(CodeIgniter\HTTP\Response), Object(CodeIgniter\Log\Logger))
#4 C:\xampp\htdocs\diamondnxt\system\CodeIgniter.php(407): CodeIgniter\CodeIgniter->createController()
#5 C:\xampp\htdocs\diamondnxt\system\CodeIgniter.php(320): CodeIgniter\CodeIgniter->handleRequest(NULL, Object(Config\Cache), false)
#6 C:\xampp\htdocs\diamondnxt\index.php(64): CodeIgniter\CodeIgniter->run()
#7 {main}
CRITICAL - 2023-02-10 15:38:56 --> Unable to connect to the database.
#0 C:\xampp\htdocs\diamondnxt\system\Database\BaseConnection.php(646): CodeIgniter\Database\BaseConnection->initialize()
#1 C:\xampp\htdocs\diamondnxt\system\Controller.php(130): CodeIgniter\Database\BaseConnection->query('SET SESSION sql...')
#2 C:\xampp\htdocs\diamondnxt\app\Modules\Website\Controllers\BaseController.php(45): CodeIgniter\Controller->initController(Object(CodeIgniter\HTTP\IncomingRequest), Object(CodeIgniter\HTTP\Response), Object(CodeIgniter\Log\Logger))
#3 C:\xampp\htdocs\diamondnxt\system\CodeIgniter.php(899): App\Modules\Website\Controllers\BaseController->initController(Object(CodeIgniter\HTTP\IncomingRequest), Object(CodeIgniter\HTTP\Response), Object(CodeIgniter\Log\Logger))
#4 C:\xampp\htdocs\diamondnxt\system\CodeIgniter.php(407): CodeIgniter\CodeIgniter->createController()
#5 C:\xampp\htdocs\diamondnxt\system\CodeIgniter.php(320): CodeIgniter\CodeIgniter->handleRequest(NULL, Object(Config\Cache), false)
#6 C:\xampp\htdocs\diamondnxt\index.php(64): CodeIgniter\CodeIgniter->run()
#7 {main}
CRITICAL - 2023-02-10 15:40:38 --> Unable to connect to the database.
#0 C:\xampp\htdocs\diamondnxt\system\Database\BaseConnection.php(646): CodeIgniter\Database\BaseConnection->initialize()
#1 C:\xampp\htdocs\diamondnxt\system\Controller.php(130): CodeIgniter\Database\BaseConnection->query('SET SESSION sql...')
#2 C:\xampp\htdocs\diamondnxt\app\Modules\Website\Controllers\BaseController.php(45): CodeIgniter\Controller->initController(Object(CodeIgniter\HTTP\IncomingRequest), Object(CodeIgniter\HTTP\Response), Object(CodeIgniter\Log\Logger))
#3 C:\xampp\htdocs\diamondnxt\system\CodeIgniter.php(899): App\Modules\Website\Controllers\BaseController->initController(Object(CodeIgniter\HTTP\IncomingRequest), Object(CodeIgniter\HTTP\Response), Object(CodeIgniter\Log\Logger))
#4 C:\xampp\htdocs\diamondnxt\system\CodeIgniter.php(407): CodeIgniter\CodeIgniter->createController()
#5 C:\xampp\htdocs\diamondnxt\system\CodeIgniter.php(320): CodeIgniter\CodeIgniter->handleRequest(NULL, Object(Config\Cache), false)
#6 C:\xampp\htdocs\diamondnxt\index.php(64): CodeIgniter\CodeIgniter->run()
#7 {main}
