CRITICAL - 2023-02-16 15:34:52 --> Unable to connect to the database.
#0 C:\xampp\htdocs\diamondnxt\system\Database\BaseConnection.php(646): CodeIgniter\Database\BaseConnection->initialize()
#1 C:\xampp\htdocs\diamondnxt\system\Controller.php(130): CodeIgniter\Database\BaseConnection->query('SET SESSION sql...')
#2 C:\xampp\htdocs\diamondnxt\app\Modules\Website\Controllers\BaseController.php(45): CodeIgniter\Controller->initController(Object(CodeIgniter\HTTP\IncomingRequest), Object(CodeIgniter\HTTP\Response), Object(CodeIgniter\Log\Logger))
#3 C:\xampp\htdocs\diamondnxt\system\CodeIgniter.php(899): App\Modules\Website\Controllers\BaseController->initController(Object(CodeIgniter\HTTP\IncomingRequest), Object(CodeIgniter\HTTP\Response), Object(CodeIgniter\Log\Logger))
#4 C:\xampp\htdocs\diamondnxt\system\CodeIgniter.php(407): CodeIgniter\CodeIgniter->createController()
#5 C:\xampp\htdocs\diamondnxt\system\CodeIgniter.php(320): CodeIgniter\CodeIgniter->handleRequest(NULL, Object(Config\Cache), false)
#6 C:\xampp\htdocs\diamondnxt\index.php(64): CodeIgniter\CodeIgniter->run()
#7 {main}
CRITICAL - 2023-02-16 15:34:55 --> Unable to connect to the database.
#0 C:\xampp\htdocs\diamondnxt\system\Database\BaseConnection.php(646): CodeIgniter\Database\BaseConnection->initialize()
#1 C:\xampp\htdocs\diamondnxt\system\Controller.php(130): CodeIgniter\Database\BaseConnection->query('SET SESSION sql...')
#2 C:\xampp\htdocs\diamondnxt\app\Modules\Website\Controllers\BaseController.php(45): CodeIgniter\Controller->initController(Object(CodeIgniter\HTTP\IncomingRequest), Object(CodeIgniter\HTTP\Response), Object(CodeIgniter\Log\Logger))
#3 C:\xampp\htdocs\diamondnxt\system\CodeIgniter.php(899): App\Modules\Website\Controllers\BaseController->initController(Object(CodeIgniter\HTTP\IncomingRequest), Object(CodeIgniter\HTTP\Response), Object(CodeIgniter\Log\Logger))
#4 C:\xampp\htdocs\diamondnxt\system\CodeIgniter.php(407): CodeIgniter\CodeIgniter->createController()
#5 C:\xampp\htdocs\diamondnxt\system\CodeIgniter.php(320): CodeIgniter\CodeIgniter->handleRequest(NULL, Object(Config\Cache), false)
#6 C:\xampp\htdocs\diamondnxt\index.php(64): CodeIgniter\CodeIgniter->run()
#7 {main}
CRITICAL - 2023-02-16 15:35:20 --> Unable to connect to the database.
#0 C:\xampp\htdocs\diamondnxt\system\Database\BaseConnection.php(646): CodeIgniter\Database\BaseConnection->initialize()
#1 C:\xampp\htdocs\diamondnxt\system\Controller.php(130): CodeIgniter\Database\BaseConnection->query('SET SESSION sql...')
#2 C:\xampp\htdocs\diamondnxt\app\Modules\Website\Controllers\BaseController.php(45): CodeIgniter\Controller->initController(Object(CodeIgniter\HTTP\IncomingRequest), Object(CodeIgniter\HTTP\Response), Object(CodeIgniter\Log\Logger))
#3 C:\xampp\htdocs\diamondnxt\system\CodeIgniter.php(899): App\Modules\Website\Controllers\BaseController->initController(Object(CodeIgniter\HTTP\IncomingRequest), Object(CodeIgniter\HTTP\Response), Object(CodeIgniter\Log\Logger))
#4 C:\xampp\htdocs\diamondnxt\system\CodeIgniter.php(407): CodeIgniter\CodeIgniter->createController()
#5 C:\xampp\htdocs\diamondnxt\system\CodeIgniter.php(320): CodeIgniter\CodeIgniter->handleRequest(NULL, Object(Config\Cache), false)
#6 C:\xampp\htdocs\diamondnxt\index.php(64): CodeIgniter\CodeIgniter->run()
#7 {main}
CRITICAL - 2023-02-16 15:35:21 --> Unable to connect to the database.
#0 C:\xampp\htdocs\diamondnxt\system\Database\BaseConnection.php(646): CodeIgniter\Database\BaseConnection->initialize()
#1 C:\xampp\htdocs\diamondnxt\system\Controller.php(130): CodeIgniter\Database\BaseConnection->query('SET SESSION sql...')
#2 C:\xampp\htdocs\diamondnxt\app\Modules\Website\Controllers\BaseController.php(45): CodeIgniter\Controller->initController(Object(CodeIgniter\HTTP\IncomingRequest), Object(CodeIgniter\HTTP\Response), Object(CodeIgniter\Log\Logger))
#3 C:\xampp\htdocs\diamondnxt\system\CodeIgniter.php(899): App\Modules\Website\Controllers\BaseController->initController(Object(CodeIgniter\HTTP\IncomingRequest), Object(CodeIgniter\HTTP\Response), Object(CodeIgniter\Log\Logger))
#4 C:\xampp\htdocs\diamondnxt\system\CodeIgniter.php(407): CodeIgniter\CodeIgniter->createController()
#5 C:\xampp\htdocs\diamondnxt\system\CodeIgniter.php(320): CodeIgniter\CodeIgniter->handleRequest(NULL, Object(Config\Cache), false)
#6 C:\xampp\htdocs\diamondnxt\index.php(64): CodeIgniter\CodeIgniter->run()
#7 {main}
CRITICAL - 2023-02-16 15:35:22 --> Unable to connect to the database.
#0 C:\xampp\htdocs\diamondnxt\system\Database\BaseConnection.php(646): CodeIgniter\Database\BaseConnection->initialize()
#1 C:\xampp\htdocs\diamondnxt\system\Controller.php(130): CodeIgniter\Database\BaseConnection->query('SET SESSION sql...')
#2 C:\xampp\htdocs\diamondnxt\app\Modules\Website\Controllers\BaseController.php(45): CodeIgniter\Controller->initController(Object(CodeIgniter\HTTP\IncomingRequest), Object(CodeIgniter\HTTP\Response), Object(CodeIgniter\Log\Logger))
#3 C:\xampp\htdocs\diamondnxt\system\CodeIgniter.php(899): App\Modules\Website\Controllers\BaseController->initController(Object(CodeIgniter\HTTP\IncomingRequest), Object(CodeIgniter\HTTP\Response), Object(CodeIgniter\Log\Logger))
#4 C:\xampp\htdocs\diamondnxt\system\CodeIgniter.php(407): CodeIgniter\CodeIgniter->createController()
#5 C:\xampp\htdocs\diamondnxt\system\CodeIgniter.php(320): CodeIgniter\CodeIgniter->handleRequest(NULL, Object(Config\Cache), false)
#6 C:\xampp\htdocs\diamondnxt\index.php(64): CodeIgniter\CodeIgniter->run()
#7 {main}
CRITICAL - 2023-02-16 15:35:22 --> Unable to connect to the database.
#0 C:\xampp\htdocs\diamondnxt\system\Database\BaseConnection.php(646): CodeIgniter\Database\BaseConnection->initialize()
#1 C:\xampp\htdocs\diamondnxt\system\Controller.php(130): CodeIgniter\Database\BaseConnection->query('SET SESSION sql...')
#2 C:\xampp\htdocs\diamondnxt\app\Modules\Website\Controllers\BaseController.php(45): CodeIgniter\Controller->initController(Object(CodeIgniter\HTTP\IncomingRequest), Object(CodeIgniter\HTTP\Response), Object(CodeIgniter\Log\Logger))
#3 C:\xampp\htdocs\diamondnxt\system\CodeIgniter.php(899): App\Modules\Website\Controllers\BaseController->initController(Object(CodeIgniter\HTTP\IncomingRequest), Object(CodeIgniter\HTTP\Response), Object(CodeIgniter\Log\Logger))
#4 C:\xampp\htdocs\diamondnxt\system\CodeIgniter.php(407): CodeIgniter\CodeIgniter->createController()
#5 C:\xampp\htdocs\diamondnxt\system\CodeIgniter.php(320): CodeIgniter\CodeIgniter->handleRequest(NULL, Object(Config\Cache), false)
#6 C:\xampp\htdocs\diamondnxt\index.php(64): CodeIgniter\CodeIgniter->run()
#7 {main}
CRITICAL - 2023-02-16 15:35:51 --> Unable to connect to the database.
#0 C:\xampp\htdocs\diamondnxt\system\Database\BaseConnection.php(646): CodeIgniter\Database\BaseConnection->initialize()
#1 C:\xampp\htdocs\diamondnxt\system\Controller.php(130): CodeIgniter\Database\BaseConnection->query('SET SESSION sql...')
#2 C:\xampp\htdocs\diamondnxt\app\Modules\Website\Controllers\BaseController.php(45): CodeIgniter\Controller->initController(Object(CodeIgniter\HTTP\IncomingRequest), Object(CodeIgniter\HTTP\Response), Object(CodeIgniter\Log\Logger))
#3 C:\xampp\htdocs\diamondnxt\system\CodeIgniter.php(899): App\Modules\Website\Controllers\BaseController->initController(Object(CodeIgniter\HTTP\IncomingRequest), Object(CodeIgniter\HTTP\Response), Object(CodeIgniter\Log\Logger))
#4 C:\xampp\htdocs\diamondnxt\system\CodeIgniter.php(407): CodeIgniter\CodeIgniter->createController()
#5 C:\xampp\htdocs\diamondnxt\system\CodeIgniter.php(320): CodeIgniter\CodeIgniter->handleRequest(NULL, Object(Config\Cache), false)
#6 C:\xampp\htdocs\diamondnxt\index.php(64): CodeIgniter\CodeIgniter->run()
#7 {main}
CRITICAL - 2023-02-16 15:35:52 --> Unable to connect to the database.
#0 C:\xampp\htdocs\diamondnxt\system\Database\BaseConnection.php(646): CodeIgniter\Database\BaseConnection->initialize()
#1 C:\xampp\htdocs\diamondnxt\system\Controller.php(130): CodeIgniter\Database\BaseConnection->query('SET SESSION sql...')
#2 C:\xampp\htdocs\diamondnxt\app\Modules\Website\Controllers\BaseController.php(45): CodeIgniter\Controller->initController(Object(CodeIgniter\HTTP\IncomingRequest), Object(CodeIgniter\HTTP\Response), Object(CodeIgniter\Log\Logger))
#3 C:\xampp\htdocs\diamondnxt\system\CodeIgniter.php(899): App\Modules\Website\Controllers\BaseController->initController(Object(CodeIgniter\HTTP\IncomingRequest), Object(CodeIgniter\HTTP\Response), Object(CodeIgniter\Log\Logger))
#4 C:\xampp\htdocs\diamondnxt\system\CodeIgniter.php(407): CodeIgniter\CodeIgniter->createController()
#5 C:\xampp\htdocs\diamondnxt\system\CodeIgniter.php(320): CodeIgniter\CodeIgniter->handleRequest(NULL, Object(Config\Cache), false)
#6 C:\xampp\htdocs\diamondnxt\index.php(64): CodeIgniter\CodeIgniter->run()
#7 {main}
CRITICAL - 2023-02-16 15:35:53 --> Unable to connect to the database.
#0 C:\xampp\htdocs\diamondnxt\system\Database\BaseConnection.php(646): CodeIgniter\Database\BaseConnection->initialize()
#1 C:\xampp\htdocs\diamondnxt\system\Controller.php(130): CodeIgniter\Database\BaseConnection->query('SET SESSION sql...')
#2 C:\xampp\htdocs\diamondnxt\app\Modules\Website\Controllers\BaseController.php(45): CodeIgniter\Controller->initController(Object(CodeIgniter\HTTP\IncomingRequest), Object(CodeIgniter\HTTP\Response), Object(CodeIgniter\Log\Logger))
#3 C:\xampp\htdocs\diamondnxt\system\CodeIgniter.php(899): App\Modules\Website\Controllers\BaseController->initController(Object(CodeIgniter\HTTP\IncomingRequest), Object(CodeIgniter\HTTP\Response), Object(CodeIgniter\Log\Logger))
#4 C:\xampp\htdocs\diamondnxt\system\CodeIgniter.php(407): CodeIgniter\CodeIgniter->createController()
#5 C:\xampp\htdocs\diamondnxt\system\CodeIgniter.php(320): CodeIgniter\CodeIgniter->handleRequest(NULL, Object(Config\Cache), false)
#6 C:\xampp\htdocs\diamondnxt\index.php(64): CodeIgniter\CodeIgniter->run()
#7 {main}
CRITICAL - 2023-02-16 15:35:53 --> Unable to connect to the database.
#0 C:\xampp\htdocs\diamondnxt\system\Database\BaseConnection.php(646): CodeIgniter\Database\BaseConnection->initialize()
#1 C:\xampp\htdocs\diamondnxt\system\Controller.php(130): CodeIgniter\Database\BaseConnection->query('SET SESSION sql...')
#2 C:\xampp\htdocs\diamondnxt\app\Modules\Website\Controllers\BaseController.php(45): CodeIgniter\Controller->initController(Object(CodeIgniter\HTTP\IncomingRequest), Object(CodeIgniter\HTTP\Response), Object(CodeIgniter\Log\Logger))
#3 C:\xampp\htdocs\diamondnxt\system\CodeIgniter.php(899): App\Modules\Website\Controllers\BaseController->initController(Object(CodeIgniter\HTTP\IncomingRequest), Object(CodeIgniter\HTTP\Response), Object(CodeIgniter\Log\Logger))
#4 C:\xampp\htdocs\diamondnxt\system\CodeIgniter.php(407): CodeIgniter\CodeIgniter->createController()
#5 C:\xampp\htdocs\diamondnxt\system\CodeIgniter.php(320): CodeIgniter\CodeIgniter->handleRequest(NULL, Object(Config\Cache), false)
#6 C:\xampp\htdocs\diamondnxt\index.php(64): CodeIgniter\CodeIgniter->run()
#7 {main}
CRITICAL - 2023-02-16 15:35:53 --> Unable to connect to the database.
#0 C:\xampp\htdocs\diamondnxt\system\Database\BaseConnection.php(646): CodeIgniter\Database\BaseConnection->initialize()
#1 C:\xampp\htdocs\diamondnxt\system\Controller.php(130): CodeIgniter\Database\BaseConnection->query('SET SESSION sql...')
#2 C:\xampp\htdocs\diamondnxt\app\Modules\Website\Controllers\BaseController.php(45): CodeIgniter\Controller->initController(Object(CodeIgniter\HTTP\IncomingRequest), Object(CodeIgniter\HTTP\Response), Object(CodeIgniter\Log\Logger))
#3 C:\xampp\htdocs\diamondnxt\system\CodeIgniter.php(899): App\Modules\Website\Controllers\BaseController->initController(Object(CodeIgniter\HTTP\IncomingRequest), Object(CodeIgniter\HTTP\Response), Object(CodeIgniter\Log\Logger))
#4 C:\xampp\htdocs\diamondnxt\system\CodeIgniter.php(407): CodeIgniter\CodeIgniter->createController()
#5 C:\xampp\htdocs\diamondnxt\system\CodeIgniter.php(320): CodeIgniter\CodeIgniter->handleRequest(NULL, Object(Config\Cache), false)
#6 C:\xampp\htdocs\diamondnxt\index.php(64): CodeIgniter\CodeIgniter->run()
#7 {main}
CRITICAL - 2023-02-16 15:36:07 --> Unable to connect to the database.
#0 C:\xampp\htdocs\diamondnxt\system\Database\BaseConnection.php(646): CodeIgniter\Database\BaseConnection->initialize()
#1 C:\xampp\htdocs\diamondnxt\system\Controller.php(130): CodeIgniter\Database\BaseConnection->query('SET SESSION sql...')
#2 C:\xampp\htdocs\diamondnxt\app\Modules\Website\Controllers\BaseController.php(45): CodeIgniter\Controller->initController(Object(CodeIgniter\HTTP\IncomingRequest), Object(CodeIgniter\HTTP\Response), Object(CodeIgniter\Log\Logger))
#3 C:\xampp\htdocs\diamondnxt\system\CodeIgniter.php(899): App\Modules\Website\Controllers\BaseController->initController(Object(CodeIgniter\HTTP\IncomingRequest), Object(CodeIgniter\HTTP\Response), Object(CodeIgniter\Log\Logger))
#4 C:\xampp\htdocs\diamondnxt\system\CodeIgniter.php(407): CodeIgniter\CodeIgniter->createController()
#5 C:\xampp\htdocs\diamondnxt\system\CodeIgniter.php(320): CodeIgniter\CodeIgniter->handleRequest(NULL, Object(Config\Cache), false)
#6 C:\xampp\htdocs\diamondnxt\index.php(64): CodeIgniter\CodeIgniter->run()
#7 {main}
CRITICAL - 2023-02-16 15:36:08 --> Unable to connect to the database.
#0 C:\xampp\htdocs\diamondnxt\system\Database\BaseConnection.php(646): CodeIgniter\Database\BaseConnection->initialize()
#1 C:\xampp\htdocs\diamondnxt\system\Controller.php(130): CodeIgniter\Database\BaseConnection->query('SET SESSION sql...')
#2 C:\xampp\htdocs\diamondnxt\app\Modules\Website\Controllers\BaseController.php(45): CodeIgniter\Controller->initController(Object(CodeIgniter\HTTP\IncomingRequest), Object(CodeIgniter\HTTP\Response), Object(CodeIgniter\Log\Logger))
#3 C:\xampp\htdocs\diamondnxt\system\CodeIgniter.php(899): App\Modules\Website\Controllers\BaseController->initController(Object(CodeIgniter\HTTP\IncomingRequest), Object(CodeIgniter\HTTP\Response), Object(CodeIgniter\Log\Logger))
#4 C:\xampp\htdocs\diamondnxt\system\CodeIgniter.php(407): CodeIgniter\CodeIgniter->createController()
#5 C:\xampp\htdocs\diamondnxt\system\CodeIgniter.php(320): CodeIgniter\CodeIgniter->handleRequest(NULL, Object(Config\Cache), false)
#6 C:\xampp\htdocs\diamondnxt\index.php(64): CodeIgniter\CodeIgniter->run()
#7 {main}
CRITICAL - 2023-02-16 15:36:08 --> Unable to connect to the database.
#0 C:\xampp\htdocs\diamondnxt\system\Database\BaseConnection.php(646): CodeIgniter\Database\BaseConnection->initialize()
#1 C:\xampp\htdocs\diamondnxt\system\Controller.php(130): CodeIgniter\Database\BaseConnection->query('SET SESSION sql...')
#2 C:\xampp\htdocs\diamondnxt\app\Modules\Website\Controllers\BaseController.php(45): CodeIgniter\Controller->initController(Object(CodeIgniter\HTTP\IncomingRequest), Object(CodeIgniter\HTTP\Response), Object(CodeIgniter\Log\Logger))
#3 C:\xampp\htdocs\diamondnxt\system\CodeIgniter.php(899): App\Modules\Website\Controllers\BaseController->initController(Object(CodeIgniter\HTTP\IncomingRequest), Object(CodeIgniter\HTTP\Response), Object(CodeIgniter\Log\Logger))
#4 C:\xampp\htdocs\diamondnxt\system\CodeIgniter.php(407): CodeIgniter\CodeIgniter->createController()
#5 C:\xampp\htdocs\diamondnxt\system\CodeIgniter.php(320): CodeIgniter\CodeIgniter->handleRequest(NULL, Object(Config\Cache), false)
#6 C:\xampp\htdocs\diamondnxt\index.php(64): CodeIgniter\CodeIgniter->run()
#7 {main}
CRITICAL - 2023-02-16 15:36:08 --> Unable to connect to the database.
#0 C:\xampp\htdocs\diamondnxt\system\Database\BaseConnection.php(646): CodeIgniter\Database\BaseConnection->initialize()
#1 C:\xampp\htdocs\diamondnxt\system\Controller.php(130): CodeIgniter\Database\BaseConnection->query('SET SESSION sql...')
#2 C:\xampp\htdocs\diamondnxt\app\Modules\Website\Controllers\BaseController.php(45): CodeIgniter\Controller->initController(Object(CodeIgniter\HTTP\IncomingRequest), Object(CodeIgniter\HTTP\Response), Object(CodeIgniter\Log\Logger))
#3 C:\xampp\htdocs\diamondnxt\system\CodeIgniter.php(899): App\Modules\Website\Controllers\BaseController->initController(Object(CodeIgniter\HTTP\IncomingRequest), Object(CodeIgniter\HTTP\Response), Object(CodeIgniter\Log\Logger))
#4 C:\xampp\htdocs\diamondnxt\system\CodeIgniter.php(407): CodeIgniter\CodeIgniter->createController()
#5 C:\xampp\htdocs\diamondnxt\system\CodeIgniter.php(320): CodeIgniter\CodeIgniter->handleRequest(NULL, Object(Config\Cache), false)
#6 C:\xampp\htdocs\diamondnxt\index.php(64): CodeIgniter\CodeIgniter->run()
#7 {main}
CRITICAL - 2023-02-16 15:36:08 --> Unable to connect to the database.
#0 C:\xampp\htdocs\diamondnxt\system\Database\BaseConnection.php(646): CodeIgniter\Database\BaseConnection->initialize()
#1 C:\xampp\htdocs\diamondnxt\system\Controller.php(130): CodeIgniter\Database\BaseConnection->query('SET SESSION sql...')
#2 C:\xampp\htdocs\diamondnxt\app\Modules\Website\Controllers\BaseController.php(45): CodeIgniter\Controller->initController(Object(CodeIgniter\HTTP\IncomingRequest), Object(CodeIgniter\HTTP\Response), Object(CodeIgniter\Log\Logger))
#3 C:\xampp\htdocs\diamondnxt\system\CodeIgniter.php(899): App\Modules\Website\Controllers\BaseController->initController(Object(CodeIgniter\HTTP\IncomingRequest), Object(CodeIgniter\HTTP\Response), Object(CodeIgniter\Log\Logger))
#4 C:\xampp\htdocs\diamondnxt\system\CodeIgniter.php(407): CodeIgniter\CodeIgniter->createController()
#5 C:\xampp\htdocs\diamondnxt\system\CodeIgniter.php(320): CodeIgniter\CodeIgniter->handleRequest(NULL, Object(Config\Cache), false)
#6 C:\xampp\htdocs\diamondnxt\index.php(64): CodeIgniter\CodeIgniter->run()
#7 {main}
CRITICAL - 2023-02-16 17:57:01 --> Argument 2 passed to view() must be of the type array, null given, called in C:\xampp\htdocs\diamondnxt\app\Modules\Website\Controllers\Home.php on line 1298
#0 C:\xampp\htdocs\diamondnxt\app\Modules\Website\Controllers\Home.php(1298): view('themes/website_...', NULL)
#1 C:\xampp\htdocs\diamondnxt\system\CodeIgniter.php(926): App\Modules\Website\Controllers\Home->token()
#2 C:\xampp\htdocs\diamondnxt\system\CodeIgniter.php(412): CodeIgniter\CodeIgniter->runController(Object(App\Modules\Website\Controllers\Home))
#3 C:\xampp\htdocs\diamondnxt\system\CodeIgniter.php(320): CodeIgniter\CodeIgniter->handleRequest(NULL, Object(Config\Cache), false)
#4 C:\xampp\htdocs\diamondnxt\index.php(64): CodeIgniter\CodeIgniter->run()
#5 {main}
CRITICAL - 2023-02-16 19:58:29 --> Call to undefined method App\Modules\Website\Models\common_model::get()
#0 C:\xampp\htdocs\diamondnxt\system\CodeIgniter.php(926): App\Modules\Website\Controllers\Home->index()
#1 C:\xampp\htdocs\diamondnxt\system\CodeIgniter.php(412): CodeIgniter\CodeIgniter->runController(Object(App\Modules\Website\Controllers\Home))
#2 C:\xampp\htdocs\diamondnxt\system\CodeIgniter.php(320): CodeIgniter\CodeIgniter->handleRequest(NULL, Object(Config\Cache), false)
#3 C:\xampp\htdocs\diamondnxt\index.php(64): CodeIgniter\CodeIgniter->run()
#4 {main}
CRITICAL - 2023-02-16 19:58:31 --> Call to undefined method App\Modules\Website\Models\common_model::get()
#0 C:\xampp\htdocs\diamondnxt\system\CodeIgniter.php(926): App\Modules\Website\Controllers\Home->index()
#1 C:\xampp\htdocs\diamondnxt\system\CodeIgniter.php(412): CodeIgniter\CodeIgniter->runController(Object(App\Modules\Website\Controllers\Home))
#2 C:\xampp\htdocs\diamondnxt\system\CodeIgniter.php(320): CodeIgniter\CodeIgniter->handleRequest(NULL, Object(Config\Cache), false)
#3 C:\xampp\htdocs\diamondnxt\index.php(64): CodeIgniter\CodeIgniter->run()
#4 {main}
CRITICAL - 2023-02-16 19:58:31 --> Call to undefined method App\Modules\Website\Models\common_model::get()
#0 C:\xampp\htdocs\diamondnxt\system\CodeIgniter.php(926): App\Modules\Website\Controllers\Home->index()
#1 C:\xampp\htdocs\diamondnxt\system\CodeIgniter.php(412): CodeIgniter\CodeIgniter->runController(Object(App\Modules\Website\Controllers\Home))
#2 C:\xampp\htdocs\diamondnxt\system\CodeIgniter.php(320): CodeIgniter\CodeIgniter->handleRequest(NULL, Object(Config\Cache), false)
#3 C:\xampp\htdocs\diamondnxt\index.php(64): CodeIgniter\CodeIgniter->run()
#4 {main}
CRITICAL - 2023-02-16 19:58:31 --> Call to undefined method App\Modules\Website\Models\common_model::get()
#0 C:\xampp\htdocs\diamondnxt\system\CodeIgniter.php(926): App\Modules\Website\Controllers\Home->index()
#1 C:\xampp\htdocs\diamondnxt\system\CodeIgniter.php(412): CodeIgniter\CodeIgniter->runController(Object(App\Modules\Website\Controllers\Home))
#2 C:\xampp\htdocs\diamondnxt\system\CodeIgniter.php(320): CodeIgniter\CodeIgniter->handleRequest(NULL, Object(Config\Cache), false)
#3 C:\xampp\htdocs\diamondnxt\index.php(64): CodeIgniter\CodeIgniter->run()
#4 {main}
CRITICAL - 2023-02-16 19:58:31 --> Call to undefined method App\Modules\Website\Models\common_model::get()
#0 C:\xampp\htdocs\diamondnxt\system\CodeIgniter.php(926): App\Modules\Website\Controllers\Home->index()
#1 C:\xampp\htdocs\diamondnxt\system\CodeIgniter.php(412): CodeIgniter\CodeIgniter->runController(Object(App\Modules\Website\Controllers\Home))
#2 C:\xampp\htdocs\diamondnxt\system\CodeIgniter.php(320): CodeIgniter\CodeIgniter->handleRequest(NULL, Object(Config\Cache), false)
#3 C:\xampp\htdocs\diamondnxt\index.php(64): CodeIgniter\CodeIgniter->run()
#4 {main}
CRITICAL - 2023-02-16 20:53:16 --> Call to undefined method App\Modules\Website\Models\common_model::where()
#0 C:\xampp\htdocs\diamondnxt\system\CodeIgniter.php(926): App\Modules\Website\Controllers\Home->index()
#1 C:\xampp\htdocs\diamondnxt\system\CodeIgniter.php(412): CodeIgniter\CodeIgniter->runController(Object(App\Modules\Website\Controllers\Home))
#2 C:\xampp\htdocs\diamondnxt\system\CodeIgniter.php(320): CodeIgniter\CodeIgniter->handleRequest(NULL, Object(Config\Cache), false)
#3 C:\xampp\htdocs\diamondnxt\index.php(64): CodeIgniter\CodeIgniter->run()
#4 {main}
CRITICAL - 2023-02-16 20:53:18 --> Call to undefined method App\Modules\Website\Models\common_model::where()
#0 C:\xampp\htdocs\diamondnxt\system\CodeIgniter.php(926): App\Modules\Website\Controllers\Home->index()
#1 C:\xampp\htdocs\diamondnxt\system\CodeIgniter.php(412): CodeIgniter\CodeIgniter->runController(Object(App\Modules\Website\Controllers\Home))
#2 C:\xampp\htdocs\diamondnxt\system\CodeIgniter.php(320): CodeIgniter\CodeIgniter->handleRequest(NULL, Object(Config\Cache), false)
#3 C:\xampp\htdocs\diamondnxt\index.php(64): CodeIgniter\CodeIgniter->run()
#4 {main}
CRITICAL - 2023-02-16 20:53:18 --> Call to undefined method App\Modules\Website\Models\common_model::where()
#0 C:\xampp\htdocs\diamondnxt\system\CodeIgniter.php(926): App\Modules\Website\Controllers\Home->index()
#1 C:\xampp\htdocs\diamondnxt\system\CodeIgniter.php(412): CodeIgniter\CodeIgniter->runController(Object(App\Modules\Website\Controllers\Home))
#2 C:\xampp\htdocs\diamondnxt\system\CodeIgniter.php(320): CodeIgniter\CodeIgniter->handleRequest(NULL, Object(Config\Cache), false)
#3 C:\xampp\htdocs\diamondnxt\index.php(64): CodeIgniter\CodeIgniter->run()
#4 {main}
CRITICAL - 2023-02-16 20:59:07 --> {0} extension is not loaded.
#0 C:\xampp\htdocs\diamondnxt\system\Images\Handlers\ImageMagickHandler.php(83): CodeIgniter\Exceptions\FrameworkException::forMissingExtension('IMAGICK')
#1 C:\xampp\htdocs\diamondnxt\system\Config\Services.php(382): CodeIgniter\Images\Handlers\ImageMagickHandler->__construct(Object(Config\Images))
#2 C:\xampp\htdocs\diamondnxt\system\Config\BaseService.php(123): CodeIgniter\Config\Services::image('imagick', Object(Config\Images), false)
#3 C:\xampp\htdocs\diamondnxt\system\Config\Services.php(370): CodeIgniter\Config\BaseService::getSharedInstance('image', 'imagick', NULL)
#4 C:\xampp\htdocs\diamondnxt\app\Libraries\UploadImage.php(20): CodeIgniter\Config\Services::image('imagick')
#5 C:\xampp\htdocs\diamondnxt\app\Modules\Nfts\Controllers\Users\User_nfts.php(121): App\Libraries\UploadImage->Image(Object(CodeIgniter\HTTP\Files\UploadedFile), 'public/uploads/...', NULL, 1400, 400)
#6 C:\xampp\htdocs\diamondnxt\system\CodeIgniter.php(926): App\Modules\Nfts\Controllers\Users\User_nfts->add_collection()
#7 C:\xampp\htdocs\diamondnxt\system\CodeIgniter.php(412): CodeIgniter\CodeIgniter->runController(Object(App\Modules\Nfts\Controllers\Users\User_nfts))
#8 C:\xampp\htdocs\diamondnxt\system\CodeIgniter.php(320): CodeIgniter\CodeIgniter->handleRequest(NULL, Object(Config\Cache), false)
#9 C:\xampp\htdocs\diamondnxt\index.php(64): CodeIgniter\CodeIgniter->run()
#10 {main}
CRITICAL - 2023-02-16 22:04:31 --> {0} extension is not loaded.
#0 C:\xampp\htdocs\diamondnxt\system\Images\Handlers\ImageMagickHandler.php(83): CodeIgniter\Exceptions\FrameworkException::forMissingExtension('IMAGICK')
#1 C:\xampp\htdocs\diamondnxt\system\Config\Services.php(382): CodeIgniter\Images\Handlers\ImageMagickHandler->__construct(Object(Config\Images))
#2 C:\xampp\htdocs\diamondnxt\system\Config\BaseService.php(123): CodeIgniter\Config\Services::image('imagick', Object(Config\Images), false)
#3 C:\xampp\htdocs\diamondnxt\system\Config\Services.php(370): CodeIgniter\Config\BaseService::getSharedInstance('image', 'imagick', NULL)
#4 C:\xampp\htdocs\diamondnxt\app\Libraries\UploadImage.php(20): CodeIgniter\Config\Services::image('imagick')
#5 C:\xampp\htdocs\diamondnxt\app\Modules\Nfts\Controllers\Users\User_nfts.php(123): App\Libraries\UploadImage->Image(Object(CodeIgniter\HTTP\Files\UploadedFile), 'public/uploads/...', NULL, 1400, 400)
#6 C:\xampp\htdocs\diamondnxt\system\CodeIgniter.php(926): App\Modules\Nfts\Controllers\Users\User_nfts->add_collection()
#7 C:\xampp\htdocs\diamondnxt\system\CodeIgniter.php(412): CodeIgniter\CodeIgniter->runController(Object(App\Modules\Nfts\Controllers\Users\User_nfts))
#8 C:\xampp\htdocs\diamondnxt\system\CodeIgniter.php(320): CodeIgniter\CodeIgniter->handleRequest(NULL, Object(Config\Cache), false)
#9 C:\xampp\htdocs\diamondnxt\index.php(64): CodeIgniter\CodeIgniter->run()
#10 {main}
CRITICAL - 2023-02-16 22:05:26 --> {0} extension is not loaded.
#0 C:\xampp\htdocs\diamondnxt\system\Images\Handlers\ImageMagickHandler.php(83): CodeIgniter\Exceptions\FrameworkException::forMissingExtension('IMAGICK')
#1 C:\xampp\htdocs\diamondnxt\system\Config\Services.php(382): CodeIgniter\Images\Handlers\ImageMagickHandler->__construct(Object(Config\Images))
#2 C:\xampp\htdocs\diamondnxt\system\Config\BaseService.php(123): CodeIgniter\Config\Services::image('imagick', Object(Config\Images), false)
#3 C:\xampp\htdocs\diamondnxt\system\Config\Services.php(370): CodeIgniter\Config\BaseService::getSharedInstance('image', 'imagick', NULL)
#4 C:\xampp\htdocs\diamondnxt\app\Libraries\UploadImage.php(20): CodeIgniter\Config\Services::image('imagick')
#5 C:\xampp\htdocs\diamondnxt\app\Modules\Nfts\Controllers\Users\User_nfts.php(123): App\Libraries\UploadImage->Image(Object(CodeIgniter\HTTP\Files\UploadedFile), 'public/uploads/...', NULL, 1400, 400)
#6 C:\xampp\htdocs\diamondnxt\system\CodeIgniter.php(926): App\Modules\Nfts\Controllers\Users\User_nfts->add_collection()
#7 C:\xampp\htdocs\diamondnxt\system\CodeIgniter.php(412): CodeIgniter\CodeIgniter->runController(Object(App\Modules\Nfts\Controllers\Users\User_nfts))
#8 C:\xampp\htdocs\diamondnxt\system\CodeIgniter.php(320): CodeIgniter\CodeIgniter->handleRequest(NULL, Object(Config\Cache), false)
#9 C:\xampp\htdocs\diamondnxt\index.php(64): CodeIgniter\CodeIgniter->run()
#10 {main}
