CRITICAL - 2023-02-14 00:43:58 --> Call to a member function isValid() on null
#0 C:\xampp\htdocs\diamondnxt\app\Modules\User\Controllers\Customer\Profile.php(192): App\Libraries\UploadImage->Image(NULL, 'public/uploads/...', '/public/uploads...', 300, 300)
#1 C:\xampp\htdocs\diamondnxt\system\CodeIgniter.php(926): App\Modules\User\Controllers\Customer\Profile->withdraw()
#2 C:\xampp\htdocs\diamondnxt\system\CodeIgniter.php(412): CodeIgniter\CodeIgniter->runController(Object(App\Modules\User\Controllers\Customer\Profile))
#3 C:\xampp\htdocs\diamondnxt\system\CodeIgniter.php(320): CodeIgniter\CodeIgniter->handleRequest(NULL, Object(Config\Cache), false)
#4 C:\xampp\htdocs\diamondnxt\index.php(64): CodeIgniter\CodeIgniter->run()
#5 {main}
CRITICAL - 2023-02-14 00:44:32 --> Call to a member function isValid() on null
#0 C:\xampp\htdocs\diamondnxt\app\Modules\User\Controllers\Customer\Profile.php(192): App\Libraries\UploadImage->Image(NULL, 'public/uploads/...', '/public/uploads...', 300, 300)
#1 C:\xampp\htdocs\diamondnxt\system\CodeIgniter.php(926): App\Modules\User\Controllers\Customer\Profile->withdraw()
#2 C:\xampp\htdocs\diamondnxt\system\CodeIgniter.php(412): CodeIgniter\CodeIgniter->runController(Object(App\Modules\User\Controllers\Customer\Profile))
#3 C:\xampp\htdocs\diamondnxt\system\CodeIgniter.php(320): CodeIgniter\CodeIgniter->handleRequest(NULL, Object(Config\Cache), false)
#4 C:\xampp\htdocs\diamondnxt\index.php(64): CodeIgniter\CodeIgniter->run()
#5 {main}
CRITICAL - 2023-02-14 00:45:31 --> Call to a member function isValid() on null
#0 C:\xampp\htdocs\diamondnxt\app\Modules\User\Controllers\Customer\Profile.php(192): App\Libraries\UploadImage->Image(NULL, 'public/uploads/...', '/public/uploads...', 300, 300)
#1 C:\xampp\htdocs\diamondnxt\system\CodeIgniter.php(926): App\Modules\User\Controllers\Customer\Profile->withdraw()
#2 C:\xampp\htdocs\diamondnxt\system\CodeIgniter.php(412): CodeIgniter\CodeIgniter->runController(Object(App\Modules\User\Controllers\Customer\Profile))
#3 C:\xampp\htdocs\diamondnxt\system\CodeIgniter.php(320): CodeIgniter\CodeIgniter->handleRequest(NULL, Object(Config\Cache), false)
#4 C:\xampp\htdocs\diamondnxt\index.php(64): CodeIgniter\CodeIgniter->run()
#5 {main}
CRITICAL - 2023-02-14 00:56:32 --> Call to a member function isValid() on null
#0 C:\xampp\htdocs\diamondnxt\app\Modules\User\Controllers\Customer\Profile.php(193): App\Libraries\UploadImage->Image(NULL, 'public/uploads/...', '/public/uploads...', 300, 300)
#1 C:\xampp\htdocs\diamondnxt\system\CodeIgniter.php(926): App\Modules\User\Controllers\Customer\Profile->withdraw()
#2 C:\xampp\htdocs\diamondnxt\system\CodeIgniter.php(412): CodeIgniter\CodeIgniter->runController(Object(App\Modules\User\Controllers\Customer\Profile))
#3 C:\xampp\htdocs\diamondnxt\system\CodeIgniter.php(320): CodeIgniter\CodeIgniter->handleRequest(NULL, Object(Config\Cache), false)
#4 C:\xampp\htdocs\diamondnxt\index.php(64): CodeIgniter\CodeIgniter->run()
#5 {main}
CRITICAL - 2023-02-14 00:56:49 --> Call to a member function isValid() on null
#0 C:\xampp\htdocs\diamondnxt\app\Modules\User\Controllers\Customer\Profile.php(193): App\Libraries\UploadImage->Image(NULL, 'public/uploads/...', '/public/uploads...', 300, 300)
#1 C:\xampp\htdocs\diamondnxt\system\CodeIgniter.php(926): App\Modules\User\Controllers\Customer\Profile->withdraw()
#2 C:\xampp\htdocs\diamondnxt\system\CodeIgniter.php(412): CodeIgniter\CodeIgniter->runController(Object(App\Modules\User\Controllers\Customer\Profile))
#3 C:\xampp\htdocs\diamondnxt\system\CodeIgniter.php(320): CodeIgniter\CodeIgniter->handleRequest(NULL, Object(Config\Cache), false)
#4 C:\xampp\htdocs\diamondnxt\index.php(64): CodeIgniter\CodeIgniter->run()
#5 {main}
CRITICAL - 2023-02-14 01:07:03 --> Call to a member function isValid() on null
#0 C:\xampp\htdocs\diamondnxt\app\Modules\User\Controllers\Customer\Profile.php(193): App\Libraries\UploadImage->Image(NULL, 'public/uploads/...', '/public/uploads...', 300, 300)
#1 C:\xampp\htdocs\diamondnxt\system\CodeIgniter.php(926): App\Modules\User\Controllers\Customer\Profile->withdraw()
#2 C:\xampp\htdocs\diamondnxt\system\CodeIgniter.php(412): CodeIgniter\CodeIgniter->runController(Object(App\Modules\User\Controllers\Customer\Profile))
#3 C:\xampp\htdocs\diamondnxt\system\CodeIgniter.php(320): CodeIgniter\CodeIgniter->handleRequest(NULL, Object(Config\Cache), false)
#4 C:\xampp\htdocs\diamondnxt\index.php(64): CodeIgniter\CodeIgniter->run()
#5 {main}
CRITICAL - 2023-02-14 01:10:56 --> Too few arguments to function App\Libraries\UploadImage::Image(), 3 passed in C:\xampp\htdocs\diamondnxt\app\Modules\User\Controllers\Customer\Profile.php on line 195 and exactly 5 expected
#0 C:\xampp\htdocs\diamondnxt\app\Modules\User\Controllers\Customer\Profile.php(195): App\Libraries\UploadImage->Image(NULL, 'public/uploads/...', '/public/uploads...')
#1 C:\xampp\htdocs\diamondnxt\system\CodeIgniter.php(926): App\Modules\User\Controllers\Customer\Profile->withdraw()
#2 C:\xampp\htdocs\diamondnxt\system\CodeIgniter.php(412): CodeIgniter\CodeIgniter->runController(Object(App\Modules\User\Controllers\Customer\Profile))
#3 C:\xampp\htdocs\diamondnxt\system\CodeIgniter.php(320): CodeIgniter\CodeIgniter->handleRequest(NULL, Object(Config\Cache), false)
#4 C:\xampp\htdocs\diamondnxt\index.php(64): CodeIgniter\CodeIgniter->run()
#5 {main}
CRITICAL - 2023-02-14 01:18:52 --> Too few arguments to function App\Libraries\UploadImage::Image(), 3 passed in C:\xampp\htdocs\diamondnxt\app\Modules\User\Controllers\Customer\Profile.php on line 195 and exactly 5 expected
#0 C:\xampp\htdocs\diamondnxt\app\Modules\User\Controllers\Customer\Profile.php(195): App\Libraries\UploadImage->Image(NULL, 'public/uploads/...', '/public/uploads...')
#1 C:\xampp\htdocs\diamondnxt\system\CodeIgniter.php(926): App\Modules\User\Controllers\Customer\Profile->withdraw()
#2 C:\xampp\htdocs\diamondnxt\system\CodeIgniter.php(412): CodeIgniter\CodeIgniter->runController(Object(App\Modules\User\Controllers\Customer\Profile))
#3 C:\xampp\htdocs\diamondnxt\system\CodeIgniter.php(320): CodeIgniter\CodeIgniter->handleRequest(NULL, Object(Config\Cache), false)
#4 C:\xampp\htdocs\diamondnxt\index.php(64): CodeIgniter\CodeIgniter->run()
#5 {main}
CRITICAL - 2023-02-14 01:28:43 --> Call to a member function library() on null
#0 C:\xampp\htdocs\diamondnxt\system\CodeIgniter.php(926): App\Modules\User\Controllers\Customer\Profile->withdraw()
#1 C:\xampp\htdocs\diamondnxt\system\CodeIgniter.php(412): CodeIgniter\CodeIgniter->runController(Object(App\Modules\User\Controllers\Customer\Profile))
#2 C:\xampp\htdocs\diamondnxt\system\CodeIgniter.php(320): CodeIgniter\CodeIgniter->handleRequest(NULL, Object(Config\Cache), false)
#3 C:\xampp\htdocs\diamondnxt\index.php(64): CodeIgniter\CodeIgniter->run()
#4 {main}
CRITICAL - 2023-02-14 01:28:56 --> Call to a member function library() on null
#0 C:\xampp\htdocs\diamondnxt\system\CodeIgniter.php(926): App\Modules\User\Controllers\Customer\Profile->withdraw()
#1 C:\xampp\htdocs\diamondnxt\system\CodeIgniter.php(412): CodeIgniter\CodeIgniter->runController(Object(App\Modules\User\Controllers\Customer\Profile))
#2 C:\xampp\htdocs\diamondnxt\system\CodeIgniter.php(320): CodeIgniter\CodeIgniter->handleRequest(NULL, Object(Config\Cache), false)
#3 C:\xampp\htdocs\diamondnxt\index.php(64): CodeIgniter\CodeIgniter->run()
#4 {main}
CRITICAL - 2023-02-14 01:29:05 --> Call to a member function library() on null
#0 C:\xampp\htdocs\diamondnxt\system\CodeIgniter.php(926): App\Modules\User\Controllers\Customer\Profile->withdraw()
#1 C:\xampp\htdocs\diamondnxt\system\CodeIgniter.php(412): CodeIgniter\CodeIgniter->runController(Object(App\Modules\User\Controllers\Customer\Profile))
#2 C:\xampp\htdocs\diamondnxt\system\CodeIgniter.php(320): CodeIgniter\CodeIgniter->handleRequest(NULL, Object(Config\Cache), false)
#3 C:\xampp\htdocs\diamondnxt\index.php(64): CodeIgniter\CodeIgniter->run()
#4 {main}
CRITICAL - 2023-02-14 14:09:00 --> Invalid argument supplied for foreach()
#0 C:\xampp\htdocs\diamondnxt\app\Views\themes\website_template\index.php(23): CodeIgniter\Debug\Exceptions->errorHandler(2, 'Invalid argumen...', 'C:\\xampp\\htdocs...', 23, Array)
#1 C:\xampp\htdocs\diamondnxt\system\View\View.php(246): include('C:\\xampp\\htdocs...')
#2 C:\xampp\htdocs\diamondnxt\system\Common.php(1119): CodeIgniter\View\View->render('themes/website_...', Array, true)
#3 C:\xampp\htdocs\diamondnxt\app\Modules\Website\Controllers\Home.php(62): view('themes/website_...', Array)
#4 C:\xampp\htdocs\diamondnxt\system\CodeIgniter.php(926): App\Modules\Website\Controllers\Home->index()
#5 C:\xampp\htdocs\diamondnxt\system\CodeIgniter.php(412): CodeIgniter\CodeIgniter->runController(Object(App\Modules\Website\Controllers\Home))
#6 C:\xampp\htdocs\diamondnxt\system\CodeIgniter.php(320): CodeIgniter\CodeIgniter->handleRequest(NULL, Object(Config\Cache), false)
#7 C:\xampp\htdocs\diamondnxt\index.php(64): CodeIgniter\CodeIgniter->run()
#8 {main}
CRITICAL - 2023-02-14 14:09:01 --> Invalid argument supplied for foreach()
#0 C:\xampp\htdocs\diamondnxt\app\Views\themes\website_template\index.php(23): CodeIgniter\Debug\Exceptions->errorHandler(2, 'Invalid argumen...', 'C:\\xampp\\htdocs...', 23, Array)
#1 C:\xampp\htdocs\diamondnxt\system\View\View.php(246): include('C:\\xampp\\htdocs...')
#2 C:\xampp\htdocs\diamondnxt\system\Common.php(1119): CodeIgniter\View\View->render('themes/website_...', Array, true)
#3 C:\xampp\htdocs\diamondnxt\app\Modules\Website\Controllers\Home.php(62): view('themes/website_...', Array)
#4 C:\xampp\htdocs\diamondnxt\system\CodeIgniter.php(926): App\Modules\Website\Controllers\Home->index()
#5 C:\xampp\htdocs\diamondnxt\system\CodeIgniter.php(412): CodeIgniter\CodeIgniter->runController(Object(App\Modules\Website\Controllers\Home))
#6 C:\xampp\htdocs\diamondnxt\system\CodeIgniter.php(320): CodeIgniter\CodeIgniter->handleRequest(NULL, Object(Config\Cache), false)
#7 C:\xampp\htdocs\diamondnxt\index.php(64): CodeIgniter\CodeIgniter->run()
#8 {main}
CRITICAL - 2023-02-14 14:09:02 --> Invalid argument supplied for foreach()
#0 C:\xampp\htdocs\diamondnxt\app\Views\themes\website_template\index.php(23): CodeIgniter\Debug\Exceptions->errorHandler(2, 'Invalid argumen...', 'C:\\xampp\\htdocs...', 23, Array)
#1 C:\xampp\htdocs\diamondnxt\system\View\View.php(246): include('C:\\xampp\\htdocs...')
#2 C:\xampp\htdocs\diamondnxt\system\Common.php(1119): CodeIgniter\View\View->render('themes/website_...', Array, true)
#3 C:\xampp\htdocs\diamondnxt\app\Modules\Website\Controllers\Home.php(62): view('themes/website_...', Array)
#4 C:\xampp\htdocs\diamondnxt\system\CodeIgniter.php(926): App\Modules\Website\Controllers\Home->index()
#5 C:\xampp\htdocs\diamondnxt\system\CodeIgniter.php(412): CodeIgniter\CodeIgniter->runController(Object(App\Modules\Website\Controllers\Home))
#6 C:\xampp\htdocs\diamondnxt\system\CodeIgniter.php(320): CodeIgniter\CodeIgniter->handleRequest(NULL, Object(Config\Cache), false)
#7 C:\xampp\htdocs\diamondnxt\index.php(64): CodeIgniter\CodeIgniter->run()
#8 {main}
CRITICAL - 2023-02-14 14:09:02 --> Invalid argument supplied for foreach()
#0 C:\xampp\htdocs\diamondnxt\app\Views\themes\website_template\index.php(23): CodeIgniter\Debug\Exceptions->errorHandler(2, 'Invalid argumen...', 'C:\\xampp\\htdocs...', 23, Array)
#1 C:\xampp\htdocs\diamondnxt\system\View\View.php(246): include('C:\\xampp\\htdocs...')
#2 C:\xampp\htdocs\diamondnxt\system\Common.php(1119): CodeIgniter\View\View->render('themes/website_...', Array, true)
#3 C:\xampp\htdocs\diamondnxt\app\Modules\Website\Controllers\Home.php(62): view('themes/website_...', Array)
#4 C:\xampp\htdocs\diamondnxt\system\CodeIgniter.php(926): App\Modules\Website\Controllers\Home->index()
#5 C:\xampp\htdocs\diamondnxt\system\CodeIgniter.php(412): CodeIgniter\CodeIgniter->runController(Object(App\Modules\Website\Controllers\Home))
#6 C:\xampp\htdocs\diamondnxt\system\CodeIgniter.php(320): CodeIgniter\CodeIgniter->handleRequest(NULL, Object(Config\Cache), false)
#7 C:\xampp\htdocs\diamondnxt\index.php(64): CodeIgniter\CodeIgniter->run()
#8 {main}
CRITICAL - 2023-02-14 14:19:35 --> Invalid argument supplied for foreach()
#0 C:\xampp\htdocs\diamondnxt\app\Views\themes\website_template\index.php(23): CodeIgniter\Debug\Exceptions->errorHandler(2, 'Invalid argumen...', 'C:\\xampp\\htdocs...', 23, Array)
#1 C:\xampp\htdocs\diamondnxt\system\View\View.php(246): include('C:\\xampp\\htdocs...')
#2 C:\xampp\htdocs\diamondnxt\system\Common.php(1119): CodeIgniter\View\View->render('themes/website_...', Array, true)
#3 C:\xampp\htdocs\diamondnxt\app\Modules\Website\Controllers\Home.php(62): view('themes/website_...', Array)
#4 C:\xampp\htdocs\diamondnxt\system\CodeIgniter.php(926): App\Modules\Website\Controllers\Home->index()
#5 C:\xampp\htdocs\diamondnxt\system\CodeIgniter.php(412): CodeIgniter\CodeIgniter->runController(Object(App\Modules\Website\Controllers\Home))
#6 C:\xampp\htdocs\diamondnxt\system\CodeIgniter.php(320): CodeIgniter\CodeIgniter->handleRequest(NULL, Object(Config\Cache), false)
#7 C:\xampp\htdocs\diamondnxt\index.php(64): CodeIgniter\CodeIgniter->run()
#8 {main}
CRITICAL - 2023-02-14 14:19:36 --> Invalid argument supplied for foreach()
#0 C:\xampp\htdocs\diamondnxt\app\Views\themes\website_template\index.php(23): CodeIgniter\Debug\Exceptions->errorHandler(2, 'Invalid argumen...', 'C:\\xampp\\htdocs...', 23, Array)
#1 C:\xampp\htdocs\diamondnxt\system\View\View.php(246): include('C:\\xampp\\htdocs...')
#2 C:\xampp\htdocs\diamondnxt\system\Common.php(1119): CodeIgniter\View\View->render('themes/website_...', Array, true)
#3 C:\xampp\htdocs\diamondnxt\app\Modules\Website\Controllers\Home.php(62): view('themes/website_...', Array)
#4 C:\xampp\htdocs\diamondnxt\system\CodeIgniter.php(926): App\Modules\Website\Controllers\Home->index()
#5 C:\xampp\htdocs\diamondnxt\system\CodeIgniter.php(412): CodeIgniter\CodeIgniter->runController(Object(App\Modules\Website\Controllers\Home))
#6 C:\xampp\htdocs\diamondnxt\system\CodeIgniter.php(320): CodeIgniter\CodeIgniter->handleRequest(NULL, Object(Config\Cache), false)
#7 C:\xampp\htdocs\diamondnxt\index.php(64): CodeIgniter\CodeIgniter->run()
#8 {main}
CRITICAL - 2023-02-14 14:19:37 --> Invalid argument supplied for foreach()
#0 C:\xampp\htdocs\diamondnxt\app\Views\themes\website_template\index.php(23): CodeIgniter\Debug\Exceptions->errorHandler(2, 'Invalid argumen...', 'C:\\xampp\\htdocs...', 23, Array)
#1 C:\xampp\htdocs\diamondnxt\system\View\View.php(246): include('C:\\xampp\\htdocs...')
#2 C:\xampp\htdocs\diamondnxt\system\Common.php(1119): CodeIgniter\View\View->render('themes/website_...', Array, true)
#3 C:\xampp\htdocs\diamondnxt\app\Modules\Website\Controllers\Home.php(62): view('themes/website_...', Array)
#4 C:\xampp\htdocs\diamondnxt\system\CodeIgniter.php(926): App\Modules\Website\Controllers\Home->index()
#5 C:\xampp\htdocs\diamondnxt\system\CodeIgniter.php(412): CodeIgniter\CodeIgniter->runController(Object(App\Modules\Website\Controllers\Home))
#6 C:\xampp\htdocs\diamondnxt\system\CodeIgniter.php(320): CodeIgniter\CodeIgniter->handleRequest(NULL, Object(Config\Cache), false)
#7 C:\xampp\htdocs\diamondnxt\index.php(64): CodeIgniter\CodeIgniter->run()
#8 {main}
CRITICAL - 2023-02-14 14:19:37 --> Invalid argument supplied for foreach()
#0 C:\xampp\htdocs\diamondnxt\app\Views\themes\website_template\index.php(23): CodeIgniter\Debug\Exceptions->errorHandler(2, 'Invalid argumen...', 'C:\\xampp\\htdocs...', 23, Array)
#1 C:\xampp\htdocs\diamondnxt\system\View\View.php(246): include('C:\\xampp\\htdocs...')
#2 C:\xampp\htdocs\diamondnxt\system\Common.php(1119): CodeIgniter\View\View->render('themes/website_...', Array, true)
#3 C:\xampp\htdocs\diamondnxt\app\Modules\Website\Controllers\Home.php(62): view('themes/website_...', Array)
#4 C:\xampp\htdocs\diamondnxt\system\CodeIgniter.php(926): App\Modules\Website\Controllers\Home->index()
#5 C:\xampp\htdocs\diamondnxt\system\CodeIgniter.php(412): CodeIgniter\CodeIgniter->runController(Object(App\Modules\Website\Controllers\Home))
#6 C:\xampp\htdocs\diamondnxt\system\CodeIgniter.php(320): CodeIgniter\CodeIgniter->handleRequest(NULL, Object(Config\Cache), false)
#7 C:\xampp\htdocs\diamondnxt\index.php(64): CodeIgniter\CodeIgniter->run()
#8 {main}
CRITICAL - 2023-02-14 14:19:37 --> Invalid argument supplied for foreach()
#0 C:\xampp\htdocs\diamondnxt\app\Views\themes\website_template\index.php(23): CodeIgniter\Debug\Exceptions->errorHandler(2, 'Invalid argumen...', 'C:\\xampp\\htdocs...', 23, Array)
#1 C:\xampp\htdocs\diamondnxt\system\View\View.php(246): include('C:\\xampp\\htdocs...')
#2 C:\xampp\htdocs\diamondnxt\system\Common.php(1119): CodeIgniter\View\View->render('themes/website_...', Array, true)
#3 C:\xampp\htdocs\diamondnxt\app\Modules\Website\Controllers\Home.php(62): view('themes/website_...', Array)
#4 C:\xampp\htdocs\diamondnxt\system\CodeIgniter.php(926): App\Modules\Website\Controllers\Home->index()
#5 C:\xampp\htdocs\diamondnxt\system\CodeIgniter.php(412): CodeIgniter\CodeIgniter->runController(Object(App\Modules\Website\Controllers\Home))
#6 C:\xampp\htdocs\diamondnxt\system\CodeIgniter.php(320): CodeIgniter\CodeIgniter->handleRequest(NULL, Object(Config\Cache), false)
#7 C:\xampp\htdocs\diamondnxt\index.php(64): CodeIgniter\CodeIgniter->run()
#8 {main}
CRITICAL - 2023-02-14 14:19:38 --> Invalid argument supplied for foreach()
#0 C:\xampp\htdocs\diamondnxt\app\Views\themes\website_template\index.php(23): CodeIgniter\Debug\Exceptions->errorHandler(2, 'Invalid argumen...', 'C:\\xampp\\htdocs...', 23, Array)
#1 C:\xampp\htdocs\diamondnxt\system\View\View.php(246): include('C:\\xampp\\htdocs...')
#2 C:\xampp\htdocs\diamondnxt\system\Common.php(1119): CodeIgniter\View\View->render('themes/website_...', Array, true)
#3 C:\xampp\htdocs\diamondnxt\app\Modules\Website\Controllers\Home.php(62): view('themes/website_...', Array)
#4 C:\xampp\htdocs\diamondnxt\system\CodeIgniter.php(926): App\Modules\Website\Controllers\Home->index()
#5 C:\xampp\htdocs\diamondnxt\system\CodeIgniter.php(412): CodeIgniter\CodeIgniter->runController(Object(App\Modules\Website\Controllers\Home))
#6 C:\xampp\htdocs\diamondnxt\system\CodeIgniter.php(320): CodeIgniter\CodeIgniter->handleRequest(NULL, Object(Config\Cache), false)
#7 C:\xampp\htdocs\diamondnxt\index.php(64): CodeIgniter\CodeIgniter->run()
#8 {main}
CRITICAL - 2023-02-14 14:19:51 --> Invalid argument supplied for foreach()
#0 C:\xampp\htdocs\diamondnxt\app\Views\themes\website_template\index.php(23): CodeIgniter\Debug\Exceptions->errorHandler(2, 'Invalid argumen...', 'C:\\xampp\\htdocs...', 23, Array)
#1 C:\xampp\htdocs\diamondnxt\system\View\View.php(246): include('C:\\xampp\\htdocs...')
#2 C:\xampp\htdocs\diamondnxt\system\Common.php(1119): CodeIgniter\View\View->render('themes/website_...', Array, true)
#3 C:\xampp\htdocs\diamondnxt\app\Modules\Website\Controllers\Home.php(62): view('themes/website_...', Array)
#4 C:\xampp\htdocs\diamondnxt\system\CodeIgniter.php(926): App\Modules\Website\Controllers\Home->index()
#5 C:\xampp\htdocs\diamondnxt\system\CodeIgniter.php(412): CodeIgniter\CodeIgniter->runController(Object(App\Modules\Website\Controllers\Home))
#6 C:\xampp\htdocs\diamondnxt\system\CodeIgniter.php(320): CodeIgniter\CodeIgniter->handleRequest(NULL, Object(Config\Cache), false)
#7 C:\xampp\htdocs\diamondnxt\index.php(64): CodeIgniter\CodeIgniter->run()
#8 {main}
CRITICAL - 2023-02-14 14:19:52 --> Invalid argument supplied for foreach()
#0 C:\xampp\htdocs\diamondnxt\app\Views\themes\website_template\index.php(23): CodeIgniter\Debug\Exceptions->errorHandler(2, 'Invalid argumen...', 'C:\\xampp\\htdocs...', 23, Array)
#1 C:\xampp\htdocs\diamondnxt\system\View\View.php(246): include('C:\\xampp\\htdocs...')
#2 C:\xampp\htdocs\diamondnxt\system\Common.php(1119): CodeIgniter\View\View->render('themes/website_...', Array, true)
#3 C:\xampp\htdocs\diamondnxt\app\Modules\Website\Controllers\Home.php(62): view('themes/website_...', Array)
#4 C:\xampp\htdocs\diamondnxt\system\CodeIgniter.php(926): App\Modules\Website\Controllers\Home->index()
#5 C:\xampp\htdocs\diamondnxt\system\CodeIgniter.php(412): CodeIgniter\CodeIgniter->runController(Object(App\Modules\Website\Controllers\Home))
#6 C:\xampp\htdocs\diamondnxt\system\CodeIgniter.php(320): CodeIgniter\CodeIgniter->handleRequest(NULL, Object(Config\Cache), false)
#7 C:\xampp\htdocs\diamondnxt\index.php(64): CodeIgniter\CodeIgniter->run()
#8 {main}
CRITICAL - 2023-02-14 14:19:52 --> Invalid argument supplied for foreach()
#0 C:\xampp\htdocs\diamondnxt\app\Views\themes\website_template\index.php(23): CodeIgniter\Debug\Exceptions->errorHandler(2, 'Invalid argumen...', 'C:\\xampp\\htdocs...', 23, Array)
#1 C:\xampp\htdocs\diamondnxt\system\View\View.php(246): include('C:\\xampp\\htdocs...')
#2 C:\xampp\htdocs\diamondnxt\system\Common.php(1119): CodeIgniter\View\View->render('themes/website_...', Array, true)
#3 C:\xampp\htdocs\diamondnxt\app\Modules\Website\Controllers\Home.php(62): view('themes/website_...', Array)
#4 C:\xampp\htdocs\diamondnxt\system\CodeIgniter.php(926): App\Modules\Website\Controllers\Home->index()
#5 C:\xampp\htdocs\diamondnxt\system\CodeIgniter.php(412): CodeIgniter\CodeIgniter->runController(Object(App\Modules\Website\Controllers\Home))
#6 C:\xampp\htdocs\diamondnxt\system\CodeIgniter.php(320): CodeIgniter\CodeIgniter->handleRequest(NULL, Object(Config\Cache), false)
#7 C:\xampp\htdocs\diamondnxt\index.php(64): CodeIgniter\CodeIgniter->run()
#8 {main}
CRITICAL - 2023-02-14 14:19:52 --> Invalid argument supplied for foreach()
#0 C:\xampp\htdocs\diamondnxt\app\Views\themes\website_template\index.php(23): CodeIgniter\Debug\Exceptions->errorHandler(2, 'Invalid argumen...', 'C:\\xampp\\htdocs...', 23, Array)
#1 C:\xampp\htdocs\diamondnxt\system\View\View.php(246): include('C:\\xampp\\htdocs...')
#2 C:\xampp\htdocs\diamondnxt\system\Common.php(1119): CodeIgniter\View\View->render('themes/website_...', Array, true)
#3 C:\xampp\htdocs\diamondnxt\app\Modules\Website\Controllers\Home.php(62): view('themes/website_...', Array)
#4 C:\xampp\htdocs\diamondnxt\system\CodeIgniter.php(926): App\Modules\Website\Controllers\Home->index()
#5 C:\xampp\htdocs\diamondnxt\system\CodeIgniter.php(412): CodeIgniter\CodeIgniter->runController(Object(App\Modules\Website\Controllers\Home))
#6 C:\xampp\htdocs\diamondnxt\system\CodeIgniter.php(320): CodeIgniter\CodeIgniter->handleRequest(NULL, Object(Config\Cache), false)
#7 C:\xampp\htdocs\diamondnxt\index.php(64): CodeIgniter\CodeIgniter->run()
#8 {main}
CRITICAL - 2023-02-14 14:19:53 --> Invalid argument supplied for foreach()
#0 C:\xampp\htdocs\diamondnxt\app\Views\themes\website_template\index.php(23): CodeIgniter\Debug\Exceptions->errorHandler(2, 'Invalid argumen...', 'C:\\xampp\\htdocs...', 23, Array)
#1 C:\xampp\htdocs\diamondnxt\system\View\View.php(246): include('C:\\xampp\\htdocs...')
#2 C:\xampp\htdocs\diamondnxt\system\Common.php(1119): CodeIgniter\View\View->render('themes/website_...', Array, true)
#3 C:\xampp\htdocs\diamondnxt\app\Modules\Website\Controllers\Home.php(62): view('themes/website_...', Array)
#4 C:\xampp\htdocs\diamondnxt\system\CodeIgniter.php(926): App\Modules\Website\Controllers\Home->index()
#5 C:\xampp\htdocs\diamondnxt\system\CodeIgniter.php(412): CodeIgniter\CodeIgniter->runController(Object(App\Modules\Website\Controllers\Home))
#6 C:\xampp\htdocs\diamondnxt\system\CodeIgniter.php(320): CodeIgniter\CodeIgniter->handleRequest(NULL, Object(Config\Cache), false)
#7 C:\xampp\htdocs\diamondnxt\index.php(64): CodeIgniter\CodeIgniter->run()
#8 {main}
CRITICAL - 2023-02-14 14:20:33 --> Invalid argument supplied for foreach()
#0 C:\xampp\htdocs\diamondnxt\app\Views\themes\website_template\index.php(23): CodeIgniter\Debug\Exceptions->errorHandler(2, 'Invalid argumen...', 'C:\\xampp\\htdocs...', 23, Array)
#1 C:\xampp\htdocs\diamondnxt\system\View\View.php(246): include('C:\\xampp\\htdocs...')
#2 C:\xampp\htdocs\diamondnxt\system\Common.php(1119): CodeIgniter\View\View->render('themes/website_...', Array, true)
#3 C:\xampp\htdocs\diamondnxt\app\Modules\Website\Controllers\Home.php(62): view('themes/website_...', Array)
#4 C:\xampp\htdocs\diamondnxt\system\CodeIgniter.php(926): App\Modules\Website\Controllers\Home->index()
#5 C:\xampp\htdocs\diamondnxt\system\CodeIgniter.php(412): CodeIgniter\CodeIgniter->runController(Object(App\Modules\Website\Controllers\Home))
#6 C:\xampp\htdocs\diamondnxt\system\CodeIgniter.php(320): CodeIgniter\CodeIgniter->handleRequest(NULL, Object(Config\Cache), false)
#7 C:\xampp\htdocs\diamondnxt\index.php(64): CodeIgniter\CodeIgniter->run()
#8 {main}
CRITICAL - 2023-02-14 14:20:34 --> Invalid argument supplied for foreach()
#0 C:\xampp\htdocs\diamondnxt\app\Views\themes\website_template\index.php(23): CodeIgniter\Debug\Exceptions->errorHandler(2, 'Invalid argumen...', 'C:\\xampp\\htdocs...', 23, Array)
#1 C:\xampp\htdocs\diamondnxt\system\View\View.php(246): include('C:\\xampp\\htdocs...')
#2 C:\xampp\htdocs\diamondnxt\system\Common.php(1119): CodeIgniter\View\View->render('themes/website_...', Array, true)
#3 C:\xampp\htdocs\diamondnxt\app\Modules\Website\Controllers\Home.php(62): view('themes/website_...', Array)
#4 C:\xampp\htdocs\diamondnxt\system\CodeIgniter.php(926): App\Modules\Website\Controllers\Home->index()
#5 C:\xampp\htdocs\diamondnxt\system\CodeIgniter.php(412): CodeIgniter\CodeIgniter->runController(Object(App\Modules\Website\Controllers\Home))
#6 C:\xampp\htdocs\diamondnxt\system\CodeIgniter.php(320): CodeIgniter\CodeIgniter->handleRequest(NULL, Object(Config\Cache), false)
#7 C:\xampp\htdocs\diamondnxt\index.php(64): CodeIgniter\CodeIgniter->run()
#8 {main}
CRITICAL - 2023-02-14 14:20:35 --> Invalid argument supplied for foreach()
#0 C:\xampp\htdocs\diamondnxt\app\Views\themes\website_template\index.php(23): CodeIgniter\Debug\Exceptions->errorHandler(2, 'Invalid argumen...', 'C:\\xampp\\htdocs...', 23, Array)
#1 C:\xampp\htdocs\diamondnxt\system\View\View.php(246): include('C:\\xampp\\htdocs...')
#2 C:\xampp\htdocs\diamondnxt\system\Common.php(1119): CodeIgniter\View\View->render('themes/website_...', Array, true)
#3 C:\xampp\htdocs\diamondnxt\app\Modules\Website\Controllers\Home.php(62): view('themes/website_...', Array)
#4 C:\xampp\htdocs\diamondnxt\system\CodeIgniter.php(926): App\Modules\Website\Controllers\Home->index()
#5 C:\xampp\htdocs\diamondnxt\system\CodeIgniter.php(412): CodeIgniter\CodeIgniter->runController(Object(App\Modules\Website\Controllers\Home))
#6 C:\xampp\htdocs\diamondnxt\system\CodeIgniter.php(320): CodeIgniter\CodeIgniter->handleRequest(NULL, Object(Config\Cache), false)
#7 C:\xampp\htdocs\diamondnxt\index.php(64): CodeIgniter\CodeIgniter->run()
#8 {main}
CRITICAL - 2023-02-14 14:20:35 --> Invalid argument supplied for foreach()
#0 C:\xampp\htdocs\diamondnxt\app\Views\themes\website_template\index.php(23): CodeIgniter\Debug\Exceptions->errorHandler(2, 'Invalid argumen...', 'C:\\xampp\\htdocs...', 23, Array)
#1 C:\xampp\htdocs\diamondnxt\system\View\View.php(246): include('C:\\xampp\\htdocs...')
#2 C:\xampp\htdocs\diamondnxt\system\Common.php(1119): CodeIgniter\View\View->render('themes/website_...', Array, true)
#3 C:\xampp\htdocs\diamondnxt\app\Modules\Website\Controllers\Home.php(62): view('themes/website_...', Array)
#4 C:\xampp\htdocs\diamondnxt\system\CodeIgniter.php(926): App\Modules\Website\Controllers\Home->index()
#5 C:\xampp\htdocs\diamondnxt\system\CodeIgniter.php(412): CodeIgniter\CodeIgniter->runController(Object(App\Modules\Website\Controllers\Home))
#6 C:\xampp\htdocs\diamondnxt\system\CodeIgniter.php(320): CodeIgniter\CodeIgniter->handleRequest(NULL, Object(Config\Cache), false)
#7 C:\xampp\htdocs\diamondnxt\index.php(64): CodeIgniter\CodeIgniter->run()
#8 {main}
CRITICAL - 2023-02-14 14:20:35 --> Invalid argument supplied for foreach()
#0 C:\xampp\htdocs\diamondnxt\app\Views\themes\website_template\index.php(23): CodeIgniter\Debug\Exceptions->errorHandler(2, 'Invalid argumen...', 'C:\\xampp\\htdocs...', 23, Array)
#1 C:\xampp\htdocs\diamondnxt\system\View\View.php(246): include('C:\\xampp\\htdocs...')
#2 C:\xampp\htdocs\diamondnxt\system\Common.php(1119): CodeIgniter\View\View->render('themes/website_...', Array, true)
#3 C:\xampp\htdocs\diamondnxt\app\Modules\Website\Controllers\Home.php(62): view('themes/website_...', Array)
#4 C:\xampp\htdocs\diamondnxt\system\CodeIgniter.php(926): App\Modules\Website\Controllers\Home->index()
#5 C:\xampp\htdocs\diamondnxt\system\CodeIgniter.php(412): CodeIgniter\CodeIgniter->runController(Object(App\Modules\Website\Controllers\Home))
#6 C:\xampp\htdocs\diamondnxt\system\CodeIgniter.php(320): CodeIgniter\CodeIgniter->handleRequest(NULL, Object(Config\Cache), false)
#7 C:\xampp\htdocs\diamondnxt\index.php(64): CodeIgniter\CodeIgniter->run()
#8 {main}
CRITICAL - 2023-02-14 14:20:35 --> Invalid argument supplied for foreach()
#0 C:\xampp\htdocs\diamondnxt\app\Views\themes\website_template\index.php(23): CodeIgniter\Debug\Exceptions->errorHandler(2, 'Invalid argumen...', 'C:\\xampp\\htdocs...', 23, Array)
#1 C:\xampp\htdocs\diamondnxt\system\View\View.php(246): include('C:\\xampp\\htdocs...')
#2 C:\xampp\htdocs\diamondnxt\system\Common.php(1119): CodeIgniter\View\View->render('themes/website_...', Array, true)
#3 C:\xampp\htdocs\diamondnxt\app\Modules\Website\Controllers\Home.php(62): view('themes/website_...', Array)
#4 C:\xampp\htdocs\diamondnxt\system\CodeIgniter.php(926): App\Modules\Website\Controllers\Home->index()
#5 C:\xampp\htdocs\diamondnxt\system\CodeIgniter.php(412): CodeIgniter\CodeIgniter->runController(Object(App\Modules\Website\Controllers\Home))
#6 C:\xampp\htdocs\diamondnxt\system\CodeIgniter.php(320): CodeIgniter\CodeIgniter->handleRequest(NULL, Object(Config\Cache), false)
#7 C:\xampp\htdocs\diamondnxt\index.php(64): CodeIgniter\CodeIgniter->run()
#8 {main}
CRITICAL - 2023-02-14 14:20:49 --> Invalid argument supplied for foreach()
#0 C:\xampp\htdocs\diamondnxt\app\Views\themes\website_template\index.php(23): CodeIgniter\Debug\Exceptions->errorHandler(2, 'Invalid argumen...', 'C:\\xampp\\htdocs...', 23, Array)
#1 C:\xampp\htdocs\diamondnxt\system\View\View.php(246): include('C:\\xampp\\htdocs...')
#2 C:\xampp\htdocs\diamondnxt\system\Common.php(1119): CodeIgniter\View\View->render('themes/website_...', Array, true)
#3 C:\xampp\htdocs\diamondnxt\app\Modules\Website\Controllers\Home.php(62): view('themes/website_...', Array)
#4 C:\xampp\htdocs\diamondnxt\system\CodeIgniter.php(926): App\Modules\Website\Controllers\Home->index()
#5 C:\xampp\htdocs\diamondnxt\system\CodeIgniter.php(412): CodeIgniter\CodeIgniter->runController(Object(App\Modules\Website\Controllers\Home))
#6 C:\xampp\htdocs\diamondnxt\system\CodeIgniter.php(320): CodeIgniter\CodeIgniter->handleRequest(NULL, Object(Config\Cache), false)
#7 C:\xampp\htdocs\diamondnxt\index.php(64): CodeIgniter\CodeIgniter->run()
#8 {main}
CRITICAL - 2023-02-14 14:20:51 --> Invalid argument supplied for foreach()
#0 C:\xampp\htdocs\diamondnxt\app\Views\themes\website_template\index.php(23): CodeIgniter\Debug\Exceptions->errorHandler(2, 'Invalid argumen...', 'C:\\xampp\\htdocs...', 23, Array)
#1 C:\xampp\htdocs\diamondnxt\system\View\View.php(246): include('C:\\xampp\\htdocs...')
#2 C:\xampp\htdocs\diamondnxt\system\Common.php(1119): CodeIgniter\View\View->render('themes/website_...', Array, true)
#3 C:\xampp\htdocs\diamondnxt\app\Modules\Website\Controllers\Home.php(62): view('themes/website_...', Array)
#4 C:\xampp\htdocs\diamondnxt\system\CodeIgniter.php(926): App\Modules\Website\Controllers\Home->index()
#5 C:\xampp\htdocs\diamondnxt\system\CodeIgniter.php(412): CodeIgniter\CodeIgniter->runController(Object(App\Modules\Website\Controllers\Home))
#6 C:\xampp\htdocs\diamondnxt\system\CodeIgniter.php(320): CodeIgniter\CodeIgniter->handleRequest(NULL, Object(Config\Cache), false)
#7 C:\xampp\htdocs\diamondnxt\index.php(64): CodeIgniter\CodeIgniter->run()
#8 {main}
CRITICAL - 2023-02-14 14:20:52 --> Invalid argument supplied for foreach()
#0 C:\xampp\htdocs\diamondnxt\app\Views\themes\website_template\index.php(23): CodeIgniter\Debug\Exceptions->errorHandler(2, 'Invalid argumen...', 'C:\\xampp\\htdocs...', 23, Array)
#1 C:\xampp\htdocs\diamondnxt\system\View\View.php(246): include('C:\\xampp\\htdocs...')
#2 C:\xampp\htdocs\diamondnxt\system\Common.php(1119): CodeIgniter\View\View->render('themes/website_...', Array, true)
#3 C:\xampp\htdocs\diamondnxt\app\Modules\Website\Controllers\Home.php(62): view('themes/website_...', Array)
#4 C:\xampp\htdocs\diamondnxt\system\CodeIgniter.php(926): App\Modules\Website\Controllers\Home->index()
#5 C:\xampp\htdocs\diamondnxt\system\CodeIgniter.php(412): CodeIgniter\CodeIgniter->runController(Object(App\Modules\Website\Controllers\Home))
#6 C:\xampp\htdocs\diamondnxt\system\CodeIgniter.php(320): CodeIgniter\CodeIgniter->handleRequest(NULL, Object(Config\Cache), false)
#7 C:\xampp\htdocs\diamondnxt\index.php(64): CodeIgniter\CodeIgniter->run()
#8 {main}
CRITICAL - 2023-02-14 14:20:52 --> Invalid argument supplied for foreach()
#0 C:\xampp\htdocs\diamondnxt\app\Views\themes\website_template\index.php(23): CodeIgniter\Debug\Exceptions->errorHandler(2, 'Invalid argumen...', 'C:\\xampp\\htdocs...', 23, Array)
#1 C:\xampp\htdocs\diamondnxt\system\View\View.php(246): include('C:\\xampp\\htdocs...')
#2 C:\xampp\htdocs\diamondnxt\system\Common.php(1119): CodeIgniter\View\View->render('themes/website_...', Array, true)
#3 C:\xampp\htdocs\diamondnxt\app\Modules\Website\Controllers\Home.php(62): view('themes/website_...', Array)
#4 C:\xampp\htdocs\diamondnxt\system\CodeIgniter.php(926): App\Modules\Website\Controllers\Home->index()
#5 C:\xampp\htdocs\diamondnxt\system\CodeIgniter.php(412): CodeIgniter\CodeIgniter->runController(Object(App\Modules\Website\Controllers\Home))
#6 C:\xampp\htdocs\diamondnxt\system\CodeIgniter.php(320): CodeIgniter\CodeIgniter->handleRequest(NULL, Object(Config\Cache), false)
#7 C:\xampp\htdocs\diamondnxt\index.php(64): CodeIgniter\CodeIgniter->run()
#8 {main}
CRITICAL - 2023-02-14 14:20:53 --> Invalid argument supplied for foreach()
#0 C:\xampp\htdocs\diamondnxt\app\Views\themes\website_template\index.php(23): CodeIgniter\Debug\Exceptions->errorHandler(2, 'Invalid argumen...', 'C:\\xampp\\htdocs...', 23, Array)
#1 C:\xampp\htdocs\diamondnxt\system\View\View.php(246): include('C:\\xampp\\htdocs...')
#2 C:\xampp\htdocs\diamondnxt\system\Common.php(1119): CodeIgniter\View\View->render('themes/website_...', Array, true)
#3 C:\xampp\htdocs\diamondnxt\app\Modules\Website\Controllers\Home.php(62): view('themes/website_...', Array)
#4 C:\xampp\htdocs\diamondnxt\system\CodeIgniter.php(926): App\Modules\Website\Controllers\Home->index()
#5 C:\xampp\htdocs\diamondnxt\system\CodeIgniter.php(412): CodeIgniter\CodeIgniter->runController(Object(App\Modules\Website\Controllers\Home))
#6 C:\xampp\htdocs\diamondnxt\system\CodeIgniter.php(320): CodeIgniter\CodeIgniter->handleRequest(NULL, Object(Config\Cache), false)
#7 C:\xampp\htdocs\diamondnxt\index.php(64): CodeIgniter\CodeIgniter->run()
#8 {main}
CRITICAL - 2023-02-14 14:20:53 --> Invalid argument supplied for foreach()
#0 C:\xampp\htdocs\diamondnxt\app\Views\themes\website_template\index.php(23): CodeIgniter\Debug\Exceptions->errorHandler(2, 'Invalid argumen...', 'C:\\xampp\\htdocs...', 23, Array)
#1 C:\xampp\htdocs\diamondnxt\system\View\View.php(246): include('C:\\xampp\\htdocs...')
#2 C:\xampp\htdocs\diamondnxt\system\Common.php(1119): CodeIgniter\View\View->render('themes/website_...', Array, true)
#3 C:\xampp\htdocs\diamondnxt\app\Modules\Website\Controllers\Home.php(62): view('themes/website_...', Array)
#4 C:\xampp\htdocs\diamondnxt\system\CodeIgniter.php(926): App\Modules\Website\Controllers\Home->index()
#5 C:\xampp\htdocs\diamondnxt\system\CodeIgniter.php(412): CodeIgniter\CodeIgniter->runController(Object(App\Modules\Website\Controllers\Home))
#6 C:\xampp\htdocs\diamondnxt\system\CodeIgniter.php(320): CodeIgniter\CodeIgniter->handleRequest(NULL, Object(Config\Cache), false)
#7 C:\xampp\htdocs\diamondnxt\index.php(64): CodeIgniter\CodeIgniter->run()
#8 {main}
CRITICAL - 2023-02-14 14:21:58 --> Invalid argument supplied for foreach()
#0 C:\xampp\htdocs\diamondnxt\app\Views\themes\website_template\index.php(23): CodeIgniter\Debug\Exceptions->errorHandler(2, 'Invalid argumen...', 'C:\\xampp\\htdocs...', 23, Array)
#1 C:\xampp\htdocs\diamondnxt\system\View\View.php(246): include('C:\\xampp\\htdocs...')
#2 C:\xampp\htdocs\diamondnxt\system\Common.php(1119): CodeIgniter\View\View->render('themes/website_...', Array, true)
#3 C:\xampp\htdocs\diamondnxt\app\Modules\Website\Controllers\Home.php(62): view('themes/website_...', Array)
#4 C:\xampp\htdocs\diamondnxt\system\CodeIgniter.php(926): App\Modules\Website\Controllers\Home->index()
#5 C:\xampp\htdocs\diamondnxt\system\CodeIgniter.php(412): CodeIgniter\CodeIgniter->runController(Object(App\Modules\Website\Controllers\Home))
#6 C:\xampp\htdocs\diamondnxt\system\CodeIgniter.php(320): CodeIgniter\CodeIgniter->handleRequest(NULL, Object(Config\Cache), false)
#7 C:\xampp\htdocs\diamondnxt\index.php(64): CodeIgniter\CodeIgniter->run()
#8 {main}
CRITICAL - 2023-02-14 14:21:59 --> Invalid argument supplied for foreach()
#0 C:\xampp\htdocs\diamondnxt\app\Views\themes\website_template\index.php(23): CodeIgniter\Debug\Exceptions->errorHandler(2, 'Invalid argumen...', 'C:\\xampp\\htdocs...', 23, Array)
#1 C:\xampp\htdocs\diamondnxt\system\View\View.php(246): include('C:\\xampp\\htdocs...')
#2 C:\xampp\htdocs\diamondnxt\system\Common.php(1119): CodeIgniter\View\View->render('themes/website_...', Array, true)
#3 C:\xampp\htdocs\diamondnxt\app\Modules\Website\Controllers\Home.php(62): view('themes/website_...', Array)
#4 C:\xampp\htdocs\diamondnxt\system\CodeIgniter.php(926): App\Modules\Website\Controllers\Home->index()
#5 C:\xampp\htdocs\diamondnxt\system\CodeIgniter.php(412): CodeIgniter\CodeIgniter->runController(Object(App\Modules\Website\Controllers\Home))
#6 C:\xampp\htdocs\diamondnxt\system\CodeIgniter.php(320): CodeIgniter\CodeIgniter->handleRequest(NULL, Object(Config\Cache), false)
#7 C:\xampp\htdocs\diamondnxt\index.php(64): CodeIgniter\CodeIgniter->run()
#8 {main}
CRITICAL - 2023-02-14 14:21:59 --> Invalid argument supplied for foreach()
#0 C:\xampp\htdocs\diamondnxt\app\Views\themes\website_template\index.php(23): CodeIgniter\Debug\Exceptions->errorHandler(2, 'Invalid argumen...', 'C:\\xampp\\htdocs...', 23, Array)
#1 C:\xampp\htdocs\diamondnxt\system\View\View.php(246): include('C:\\xampp\\htdocs...')
#2 C:\xampp\htdocs\diamondnxt\system\Common.php(1119): CodeIgniter\View\View->render('themes/website_...', Array, true)
#3 C:\xampp\htdocs\diamondnxt\app\Modules\Website\Controllers\Home.php(62): view('themes/website_...', Array)
#4 C:\xampp\htdocs\diamondnxt\system\CodeIgniter.php(926): App\Modules\Website\Controllers\Home->index()
#5 C:\xampp\htdocs\diamondnxt\system\CodeIgniter.php(412): CodeIgniter\CodeIgniter->runController(Object(App\Modules\Website\Controllers\Home))
#6 C:\xampp\htdocs\diamondnxt\system\CodeIgniter.php(320): CodeIgniter\CodeIgniter->handleRequest(NULL, Object(Config\Cache), false)
#7 C:\xampp\htdocs\diamondnxt\index.php(64): CodeIgniter\CodeIgniter->run()
#8 {main}
CRITICAL - 2023-02-14 14:21:59 --> Invalid argument supplied for foreach()
#0 C:\xampp\htdocs\diamondnxt\app\Views\themes\website_template\index.php(23): CodeIgniter\Debug\Exceptions->errorHandler(2, 'Invalid argumen...', 'C:\\xampp\\htdocs...', 23, Array)
#1 C:\xampp\htdocs\diamondnxt\system\View\View.php(246): include('C:\\xampp\\htdocs...')
#2 C:\xampp\htdocs\diamondnxt\system\Common.php(1119): CodeIgniter\View\View->render('themes/website_...', Array, true)
#3 C:\xampp\htdocs\diamondnxt\app\Modules\Website\Controllers\Home.php(62): view('themes/website_...', Array)
#4 C:\xampp\htdocs\diamondnxt\system\CodeIgniter.php(926): App\Modules\Website\Controllers\Home->index()
#5 C:\xampp\htdocs\diamondnxt\system\CodeIgniter.php(412): CodeIgniter\CodeIgniter->runController(Object(App\Modules\Website\Controllers\Home))
#6 C:\xampp\htdocs\diamondnxt\system\CodeIgniter.php(320): CodeIgniter\CodeIgniter->handleRequest(NULL, Object(Config\Cache), false)
#7 C:\xampp\htdocs\diamondnxt\index.php(64): CodeIgniter\CodeIgniter->run()
#8 {main}
CRITICAL - 2023-02-14 14:22:00 --> Invalid argument supplied for foreach()
#0 C:\xampp\htdocs\diamondnxt\app\Views\themes\website_template\index.php(23): CodeIgniter\Debug\Exceptions->errorHandler(2, 'Invalid argumen...', 'C:\\xampp\\htdocs...', 23, Array)
#1 C:\xampp\htdocs\diamondnxt\system\View\View.php(246): include('C:\\xampp\\htdocs...')
#2 C:\xampp\htdocs\diamondnxt\system\Common.php(1119): CodeIgniter\View\View->render('themes/website_...', Array, true)
#3 C:\xampp\htdocs\diamondnxt\app\Modules\Website\Controllers\Home.php(62): view('themes/website_...', Array)
#4 C:\xampp\htdocs\diamondnxt\system\CodeIgniter.php(926): App\Modules\Website\Controllers\Home->index()
#5 C:\xampp\htdocs\diamondnxt\system\CodeIgniter.php(412): CodeIgniter\CodeIgniter->runController(Object(App\Modules\Website\Controllers\Home))
#6 C:\xampp\htdocs\diamondnxt\system\CodeIgniter.php(320): CodeIgniter\CodeIgniter->handleRequest(NULL, Object(Config\Cache), false)
#7 C:\xampp\htdocs\diamondnxt\index.php(64): CodeIgniter\CodeIgniter->run()
#8 {main}
CRITICAL - 2023-02-14 14:22:00 --> Invalid argument supplied for foreach()
#0 C:\xampp\htdocs\diamondnxt\app\Views\themes\website_template\index.php(23): CodeIgniter\Debug\Exceptions->errorHandler(2, 'Invalid argumen...', 'C:\\xampp\\htdocs...', 23, Array)
#1 C:\xampp\htdocs\diamondnxt\system\View\View.php(246): include('C:\\xampp\\htdocs...')
#2 C:\xampp\htdocs\diamondnxt\system\Common.php(1119): CodeIgniter\View\View->render('themes/website_...', Array, true)
#3 C:\xampp\htdocs\diamondnxt\app\Modules\Website\Controllers\Home.php(62): view('themes/website_...', Array)
#4 C:\xampp\htdocs\diamondnxt\system\CodeIgniter.php(926): App\Modules\Website\Controllers\Home->index()
#5 C:\xampp\htdocs\diamondnxt\system\CodeIgniter.php(412): CodeIgniter\CodeIgniter->runController(Object(App\Modules\Website\Controllers\Home))
#6 C:\xampp\htdocs\diamondnxt\system\CodeIgniter.php(320): CodeIgniter\CodeIgniter->handleRequest(NULL, Object(Config\Cache), false)
#7 C:\xampp\htdocs\diamondnxt\index.php(64): CodeIgniter\CodeIgniter->run()
#8 {main}
CRITICAL - 2023-02-14 14:24:34 --> Invalid file: {0}
#0 C:\xampp\htdocs\diamondnxt\system\View\View.php(228): CodeIgniter\Exceptions\FrameworkException::forInvalidFile('themes/website_...')
#1 C:\xampp\htdocs\diamondnxt\system\Common.php(1119): CodeIgniter\View\View->render('themes/website_...', Array, true)
#2 C:\xampp\htdocs\diamondnxt\app\Modules\Website\Controllers\Home.php(62): view('themes/website_...', Array)
#3 C:\xampp\htdocs\diamondnxt\system\CodeIgniter.php(926): App\Modules\Website\Controllers\Home->index()
#4 C:\xampp\htdocs\diamondnxt\system\CodeIgniter.php(412): CodeIgniter\CodeIgniter->runController(Object(App\Modules\Website\Controllers\Home))
#5 C:\xampp\htdocs\diamondnxt\system\CodeIgniter.php(320): CodeIgniter\CodeIgniter->handleRequest(NULL, Object(Config\Cache), false)
#6 C:\xampp\htdocs\diamondnxt\index.php(64): CodeIgniter\CodeIgniter->run()
#7 {main}
CRITICAL - 2023-02-14 14:36:27 --> Call to undefined method CodeIgniter\HTTP\URI::segment()
#0 C:\xampp\htdocs\diamondnxt\system\CodeIgniter.php(926): App\Modules\Website\Controllers\Home->index()
#1 C:\xampp\htdocs\diamondnxt\system\CodeIgniter.php(412): CodeIgniter\CodeIgniter->runController(Object(App\Modules\Website\Controllers\Home))
#2 C:\xampp\htdocs\diamondnxt\system\CodeIgniter.php(320): CodeIgniter\CodeIgniter->handleRequest(NULL, Object(Config\Cache), false)
#3 C:\xampp\htdocs\diamondnxt\index.php(64): CodeIgniter\CodeIgniter->run()
#4 {main}
CRITICAL - 2023-02-14 14:36:28 --> Call to undefined method CodeIgniter\HTTP\URI::segment()
#0 C:\xampp\htdocs\diamondnxt\system\CodeIgniter.php(926): App\Modules\Website\Controllers\Home->index()
#1 C:\xampp\htdocs\diamondnxt\system\CodeIgniter.php(412): CodeIgniter\CodeIgniter->runController(Object(App\Modules\Website\Controllers\Home))
#2 C:\xampp\htdocs\diamondnxt\system\CodeIgniter.php(320): CodeIgniter\CodeIgniter->handleRequest(NULL, Object(Config\Cache), false)
#3 C:\xampp\htdocs\diamondnxt\index.php(64): CodeIgniter\CodeIgniter->run()
#4 {main}
CRITICAL - 2023-02-14 14:36:28 --> Call to undefined method CodeIgniter\HTTP\URI::segment()
#0 C:\xampp\htdocs\diamondnxt\system\CodeIgniter.php(926): App\Modules\Website\Controllers\Home->index()
#1 C:\xampp\htdocs\diamondnxt\system\CodeIgniter.php(412): CodeIgniter\CodeIgniter->runController(Object(App\Modules\Website\Controllers\Home))
#2 C:\xampp\htdocs\diamondnxt\system\CodeIgniter.php(320): CodeIgniter\CodeIgniter->handleRequest(NULL, Object(Config\Cache), false)
#3 C:\xampp\htdocs\diamondnxt\index.php(64): CodeIgniter\CodeIgniter->run()
#4 {main}
CRITICAL - 2023-02-14 14:36:29 --> Call to undefined method CodeIgniter\HTTP\URI::segment()
#0 C:\xampp\htdocs\diamondnxt\system\CodeIgniter.php(926): App\Modules\Website\Controllers\Home->index()
#1 C:\xampp\htdocs\diamondnxt\system\CodeIgniter.php(412): CodeIgniter\CodeIgniter->runController(Object(App\Modules\Website\Controllers\Home))
#2 C:\xampp\htdocs\diamondnxt\system\CodeIgniter.php(320): CodeIgniter\CodeIgniter->handleRequest(NULL, Object(Config\Cache), false)
#3 C:\xampp\htdocs\diamondnxt\index.php(64): CodeIgniter\CodeIgniter->run()
#4 {main}
CRITICAL - 2023-02-14 14:36:38 --> Call to undefined method CodeIgniter\HTTP\URI::segment()
#0 C:\xampp\htdocs\diamondnxt\system\CodeIgniter.php(926): App\Modules\Website\Controllers\Home->index()
#1 C:\xampp\htdocs\diamondnxt\system\CodeIgniter.php(412): CodeIgniter\CodeIgniter->runController(Object(App\Modules\Website\Controllers\Home))
#2 C:\xampp\htdocs\diamondnxt\system\CodeIgniter.php(320): CodeIgniter\CodeIgniter->handleRequest(NULL, Object(Config\Cache), false)
#3 C:\xampp\htdocs\diamondnxt\index.php(64): CodeIgniter\CodeIgniter->run()
#4 {main}
CRITICAL - 2023-02-14 14:36:38 --> Call to undefined method CodeIgniter\HTTP\URI::segment()
#0 C:\xampp\htdocs\diamondnxt\system\CodeIgniter.php(926): App\Modules\Website\Controllers\Home->index()
#1 C:\xampp\htdocs\diamondnxt\system\CodeIgniter.php(412): CodeIgniter\CodeIgniter->runController(Object(App\Modules\Website\Controllers\Home))
#2 C:\xampp\htdocs\diamondnxt\system\CodeIgniter.php(320): CodeIgniter\CodeIgniter->handleRequest(NULL, Object(Config\Cache), false)
#3 C:\xampp\htdocs\diamondnxt\index.php(64): CodeIgniter\CodeIgniter->run()
#4 {main}
CRITICAL - 2023-02-14 14:36:39 --> Call to undefined method CodeIgniter\HTTP\URI::segment()
#0 C:\xampp\htdocs\diamondnxt\system\CodeIgniter.php(926): App\Modules\Website\Controllers\Home->index()
#1 C:\xampp\htdocs\diamondnxt\system\CodeIgniter.php(412): CodeIgniter\CodeIgniter->runController(Object(App\Modules\Website\Controllers\Home))
#2 C:\xampp\htdocs\diamondnxt\system\CodeIgniter.php(320): CodeIgniter\CodeIgniter->handleRequest(NULL, Object(Config\Cache), false)
#3 C:\xampp\htdocs\diamondnxt\index.php(64): CodeIgniter\CodeIgniter->run()
#4 {main}
CRITICAL - 2023-02-14 14:36:39 --> Call to undefined method CodeIgniter\HTTP\URI::segment()
#0 C:\xampp\htdocs\diamondnxt\system\CodeIgniter.php(926): App\Modules\Website\Controllers\Home->index()
#1 C:\xampp\htdocs\diamondnxt\system\CodeIgniter.php(412): CodeIgniter\CodeIgniter->runController(Object(App\Modules\Website\Controllers\Home))
#2 C:\xampp\htdocs\diamondnxt\system\CodeIgniter.php(320): CodeIgniter\CodeIgniter->handleRequest(NULL, Object(Config\Cache), false)
#3 C:\xampp\htdocs\diamondnxt\index.php(64): CodeIgniter\CodeIgniter->run()
#4 {main}
CRITICAL - 2023-02-14 14:37:58 --> Too few arguments to function CodeIgniter\HTTP\URI::getSegment(), 0 passed in C:\xampp\htdocs\diamondnxt\app\Modules\Website\Controllers\Home.php on line 18 and at least 1 expected
#0 C:\xampp\htdocs\diamondnxt\app\Modules\Website\Controllers\Home.php(18): CodeIgniter\HTTP\URI->getSegment()
#1 C:\xampp\htdocs\diamondnxt\system\CodeIgniter.php(926): App\Modules\Website\Controllers\Home->index()
#2 C:\xampp\htdocs\diamondnxt\system\CodeIgniter.php(412): CodeIgniter\CodeIgniter->runController(Object(App\Modules\Website\Controllers\Home))
#3 C:\xampp\htdocs\diamondnxt\system\CodeIgniter.php(320): CodeIgniter\CodeIgniter->handleRequest(NULL, Object(Config\Cache), false)
#4 C:\xampp\htdocs\diamondnxt\index.php(64): CodeIgniter\CodeIgniter->run()
#5 {main}
CRITICAL - 2023-02-14 14:37:59 --> Too few arguments to function CodeIgniter\HTTP\URI::getSegment(), 0 passed in C:\xampp\htdocs\diamondnxt\app\Modules\Website\Controllers\Home.php on line 18 and at least 1 expected
#0 C:\xampp\htdocs\diamondnxt\app\Modules\Website\Controllers\Home.php(18): CodeIgniter\HTTP\URI->getSegment()
#1 C:\xampp\htdocs\diamondnxt\system\CodeIgniter.php(926): App\Modules\Website\Controllers\Home->index()
#2 C:\xampp\htdocs\diamondnxt\system\CodeIgniter.php(412): CodeIgniter\CodeIgniter->runController(Object(App\Modules\Website\Controllers\Home))
#3 C:\xampp\htdocs\diamondnxt\system\CodeIgniter.php(320): CodeIgniter\CodeIgniter->handleRequest(NULL, Object(Config\Cache), false)
#4 C:\xampp\htdocs\diamondnxt\index.php(64): CodeIgniter\CodeIgniter->run()
#5 {main}
CRITICAL - 2023-02-14 14:37:59 --> Too few arguments to function CodeIgniter\HTTP\URI::getSegment(), 0 passed in C:\xampp\htdocs\diamondnxt\app\Modules\Website\Controllers\Home.php on line 18 and at least 1 expected
#0 C:\xampp\htdocs\diamondnxt\app\Modules\Website\Controllers\Home.php(18): CodeIgniter\HTTP\URI->getSegment()
#1 C:\xampp\htdocs\diamondnxt\system\CodeIgniter.php(926): App\Modules\Website\Controllers\Home->index()
#2 C:\xampp\htdocs\diamondnxt\system\CodeIgniter.php(412): CodeIgniter\CodeIgniter->runController(Object(App\Modules\Website\Controllers\Home))
#3 C:\xampp\htdocs\diamondnxt\system\CodeIgniter.php(320): CodeIgniter\CodeIgniter->handleRequest(NULL, Object(Config\Cache), false)
#4 C:\xampp\htdocs\diamondnxt\index.php(64): CodeIgniter\CodeIgniter->run()
#5 {main}
CRITICAL - 2023-02-14 15:00:53 --> Call to undefined method CodeIgniter\HTTP\URI::uri_string()
#0 C:\xampp\htdocs\diamondnxt\system\CodeIgniter.php(926): App\Modules\Website\Controllers\Home->index()
#1 C:\xampp\htdocs\diamondnxt\system\CodeIgniter.php(412): CodeIgniter\CodeIgniter->runController(Object(App\Modules\Website\Controllers\Home))
#2 C:\xampp\htdocs\diamondnxt\system\CodeIgniter.php(320): CodeIgniter\CodeIgniter->handleRequest(NULL, Object(Config\Cache), false)
#3 C:\xampp\htdocs\diamondnxt\index.php(64): CodeIgniter\CodeIgniter->run()
#4 {main}
CRITICAL - 2023-02-14 15:01:19 --> Call to undefined method CodeIgniter\HTTP\URI::uri_string()
#0 C:\xampp\htdocs\diamondnxt\system\CodeIgniter.php(926): App\Modules\Website\Controllers\Home->index()
#1 C:\xampp\htdocs\diamondnxt\system\CodeIgniter.php(412): CodeIgniter\CodeIgniter->runController(Object(App\Modules\Website\Controllers\Home))
#2 C:\xampp\htdocs\diamondnxt\system\CodeIgniter.php(320): CodeIgniter\CodeIgniter->handleRequest(NULL, Object(Config\Cache), false)
#3 C:\xampp\htdocs\diamondnxt\index.php(64): CodeIgniter\CodeIgniter->run()
#4 {main}
CRITICAL - 2023-02-14 15:01:20 --> Call to undefined method CodeIgniter\HTTP\URI::uri_string()
#0 C:\xampp\htdocs\diamondnxt\system\CodeIgniter.php(926): App\Modules\Website\Controllers\Home->index()
#1 C:\xampp\htdocs\diamondnxt\system\CodeIgniter.php(412): CodeIgniter\CodeIgniter->runController(Object(App\Modules\Website\Controllers\Home))
#2 C:\xampp\htdocs\diamondnxt\system\CodeIgniter.php(320): CodeIgniter\CodeIgniter->handleRequest(NULL, Object(Config\Cache), false)
#3 C:\xampp\htdocs\diamondnxt\index.php(64): CodeIgniter\CodeIgniter->run()
#4 {main}
CRITICAL - 2023-02-14 15:01:20 --> Call to undefined method CodeIgniter\HTTP\URI::uri_string()
#0 C:\xampp\htdocs\diamondnxt\system\CodeIgniter.php(926): App\Modules\Website\Controllers\Home->index()
#1 C:\xampp\htdocs\diamondnxt\system\CodeIgniter.php(412): CodeIgniter\CodeIgniter->runController(Object(App\Modules\Website\Controllers\Home))
#2 C:\xampp\htdocs\diamondnxt\system\CodeIgniter.php(320): CodeIgniter\CodeIgniter->handleRequest(NULL, Object(Config\Cache), false)
#3 C:\xampp\htdocs\diamondnxt\index.php(64): CodeIgniter\CodeIgniter->run()
#4 {main}
CRITICAL - 2023-02-14 15:06:56 --> Call to undefined method CodeIgniter\HTTP\URI::total_getsegments()
#0 C:\xampp\htdocs\diamondnxt\system\CodeIgniter.php(926): App\Modules\Website\Controllers\Home->index()
#1 C:\xampp\htdocs\diamondnxt\system\CodeIgniter.php(412): CodeIgniter\CodeIgniter->runController(Object(App\Modules\Website\Controllers\Home))
#2 C:\xampp\htdocs\diamondnxt\system\CodeIgniter.php(320): CodeIgniter\CodeIgniter->handleRequest(NULL, Object(Config\Cache), false)
#3 C:\xampp\htdocs\diamondnxt\index.php(64): CodeIgniter\CodeIgniter->run()
#4 {main}
CRITICAL - 2023-02-14 15:06:57 --> Call to undefined method CodeIgniter\HTTP\URI::total_getsegments()
#0 C:\xampp\htdocs\diamondnxt\system\CodeIgniter.php(926): App\Modules\Website\Controllers\Home->index()
#1 C:\xampp\htdocs\diamondnxt\system\CodeIgniter.php(412): CodeIgniter\CodeIgniter->runController(Object(App\Modules\Website\Controllers\Home))
#2 C:\xampp\htdocs\diamondnxt\system\CodeIgniter.php(320): CodeIgniter\CodeIgniter->handleRequest(NULL, Object(Config\Cache), false)
#3 C:\xampp\htdocs\diamondnxt\index.php(64): CodeIgniter\CodeIgniter->run()
#4 {main}
CRITICAL - 2023-02-14 15:06:57 --> Call to undefined method CodeIgniter\HTTP\URI::total_getsegments()
#0 C:\xampp\htdocs\diamondnxt\system\CodeIgniter.php(926): App\Modules\Website\Controllers\Home->index()
#1 C:\xampp\htdocs\diamondnxt\system\CodeIgniter.php(412): CodeIgniter\CodeIgniter->runController(Object(App\Modules\Website\Controllers\Home))
#2 C:\xampp\htdocs\diamondnxt\system\CodeIgniter.php(320): CodeIgniter\CodeIgniter->handleRequest(NULL, Object(Config\Cache), false)
#3 C:\xampp\htdocs\diamondnxt\index.php(64): CodeIgniter\CodeIgniter->run()
#4 {main}
CRITICAL - 2023-02-14 15:07:05 --> Call to undefined method CodeIgniter\HTTP\URI::total_segments()
#0 C:\xampp\htdocs\diamondnxt\system\CodeIgniter.php(926): App\Modules\Website\Controllers\Home->index()
#1 C:\xampp\htdocs\diamondnxt\system\CodeIgniter.php(412): CodeIgniter\CodeIgniter->runController(Object(App\Modules\Website\Controllers\Home))
#2 C:\xampp\htdocs\diamondnxt\system\CodeIgniter.php(320): CodeIgniter\CodeIgniter->handleRequest(NULL, Object(Config\Cache), false)
#3 C:\xampp\htdocs\diamondnxt\index.php(64): CodeIgniter\CodeIgniter->run()
#4 {main}
CRITICAL - 2023-02-14 15:07:10 --> Call to undefined method CodeIgniter\HTTP\URI::segment()
#0 C:\xampp\htdocs\diamondnxt\system\CodeIgniter.php(926): App\Modules\Website\Controllers\Home->index()
#1 C:\xampp\htdocs\diamondnxt\system\CodeIgniter.php(412): CodeIgniter\CodeIgniter->runController(Object(App\Modules\Website\Controllers\Home))
#2 C:\xampp\htdocs\diamondnxt\system\CodeIgniter.php(320): CodeIgniter\CodeIgniter->handleRequest(NULL, Object(Config\Cache), false)
#3 C:\xampp\htdocs\diamondnxt\index.php(64): CodeIgniter\CodeIgniter->run()
#4 {main}
CRITICAL - 2023-02-14 15:07:11 --> Call to undefined method CodeIgniter\HTTP\URI::segment()
#0 C:\xampp\htdocs\diamondnxt\system\CodeIgniter.php(926): App\Modules\Website\Controllers\Home->index()
#1 C:\xampp\htdocs\diamondnxt\system\CodeIgniter.php(412): CodeIgniter\CodeIgniter->runController(Object(App\Modules\Website\Controllers\Home))
#2 C:\xampp\htdocs\diamondnxt\system\CodeIgniter.php(320): CodeIgniter\CodeIgniter->handleRequest(NULL, Object(Config\Cache), false)
#3 C:\xampp\htdocs\diamondnxt\index.php(64): CodeIgniter\CodeIgniter->run()
#4 {main}
CRITICAL - 2023-02-14 15:07:11 --> Call to undefined method CodeIgniter\HTTP\URI::segment()
#0 C:\xampp\htdocs\diamondnxt\system\CodeIgniter.php(926): App\Modules\Website\Controllers\Home->index()
#1 C:\xampp\htdocs\diamondnxt\system\CodeIgniter.php(412): CodeIgniter\CodeIgniter->runController(Object(App\Modules\Website\Controllers\Home))
#2 C:\xampp\htdocs\diamondnxt\system\CodeIgniter.php(320): CodeIgniter\CodeIgniter->handleRequest(NULL, Object(Config\Cache), false)
#3 C:\xampp\htdocs\diamondnxt\index.php(64): CodeIgniter\CodeIgniter->run()
#4 {main}
CRITICAL - 2023-02-14 15:07:11 --> Call to undefined method CodeIgniter\HTTP\URI::segment()
#0 C:\xampp\htdocs\diamondnxt\system\CodeIgniter.php(926): App\Modules\Website\Controllers\Home->index()
#1 C:\xampp\htdocs\diamondnxt\system\CodeIgniter.php(412): CodeIgniter\CodeIgniter->runController(Object(App\Modules\Website\Controllers\Home))
#2 C:\xampp\htdocs\diamondnxt\system\CodeIgniter.php(320): CodeIgniter\CodeIgniter->handleRequest(NULL, Object(Config\Cache), false)
#3 C:\xampp\htdocs\diamondnxt\index.php(64): CodeIgniter\CodeIgniter->run()
#4 {main}
CRITICAL - 2023-02-14 15:08:17 --> Call to undefined method CodeIgniter\HTTP\URI::segment_array()
#0 C:\xampp\htdocs\diamondnxt\system\CodeIgniter.php(926): App\Modules\Website\Controllers\Home->index()
#1 C:\xampp\htdocs\diamondnxt\system\CodeIgniter.php(412): CodeIgniter\CodeIgniter->runController(Object(App\Modules\Website\Controllers\Home))
#2 C:\xampp\htdocs\diamondnxt\system\CodeIgniter.php(320): CodeIgniter\CodeIgniter->handleRequest(NULL, Object(Config\Cache), false)
#3 C:\xampp\htdocs\diamondnxt\index.php(64): CodeIgniter\CodeIgniter->run()
#4 {main}
CRITICAL - 2023-02-14 15:08:18 --> Call to undefined method CodeIgniter\HTTP\URI::segment_array()
#0 C:\xampp\htdocs\diamondnxt\system\CodeIgniter.php(926): App\Modules\Website\Controllers\Home->index()
#1 C:\xampp\htdocs\diamondnxt\system\CodeIgniter.php(412): CodeIgniter\CodeIgniter->runController(Object(App\Modules\Website\Controllers\Home))
#2 C:\xampp\htdocs\diamondnxt\system\CodeIgniter.php(320): CodeIgniter\CodeIgniter->handleRequest(NULL, Object(Config\Cache), false)
#3 C:\xampp\htdocs\diamondnxt\index.php(64): CodeIgniter\CodeIgniter->run()
#4 {main}
CRITICAL - 2023-02-14 15:08:18 --> Call to undefined method CodeIgniter\HTTP\URI::segment_array()
#0 C:\xampp\htdocs\diamondnxt\system\CodeIgniter.php(926): App\Modules\Website\Controllers\Home->index()
#1 C:\xampp\htdocs\diamondnxt\system\CodeIgniter.php(412): CodeIgniter\CodeIgniter->runController(Object(App\Modules\Website\Controllers\Home))
#2 C:\xampp\htdocs\diamondnxt\system\CodeIgniter.php(320): CodeIgniter\CodeIgniter->handleRequest(NULL, Object(Config\Cache), false)
#3 C:\xampp\htdocs\diamondnxt\index.php(64): CodeIgniter\CodeIgniter->run()
#4 {main}
CRITICAL - 2023-02-14 15:08:18 --> Call to undefined method CodeIgniter\HTTP\URI::segment_array()
#0 C:\xampp\htdocs\diamondnxt\system\CodeIgniter.php(926): App\Modules\Website\Controllers\Home->index()
#1 C:\xampp\htdocs\diamondnxt\system\CodeIgniter.php(412): CodeIgniter\CodeIgniter->runController(Object(App\Modules\Website\Controllers\Home))
#2 C:\xampp\htdocs\diamondnxt\system\CodeIgniter.php(320): CodeIgniter\CodeIgniter->handleRequest(NULL, Object(Config\Cache), false)
#3 C:\xampp\htdocs\diamondnxt\index.php(64): CodeIgniter\CodeIgniter->run()
#4 {main}
CRITICAL - 2023-02-14 15:14:48 --> Request URI segment is out of range: {0}
#0 C:\xampp\htdocs\diamondnxt\system\HTTP\URI.php(515): CodeIgniter\HTTP\Exceptions\HTTPException::forURISegmentOutOfRange(1)
#1 C:\xampp\htdocs\diamondnxt\app\Modules\Website\Controllers\Home.php(14): CodeIgniter\HTTP\URI->getSegment(1)
#2 C:\xampp\htdocs\diamondnxt\system\CodeIgniter.php(926): App\Modules\Website\Controllers\Home->index()
#3 C:\xampp\htdocs\diamondnxt\system\CodeIgniter.php(412): CodeIgniter\CodeIgniter->runController(Object(App\Modules\Website\Controllers\Home))
#4 C:\xampp\htdocs\diamondnxt\system\CodeIgniter.php(320): CodeIgniter\CodeIgniter->handleRequest(NULL, Object(Config\Cache), false)
#5 C:\xampp\htdocs\diamondnxt\index.php(64): CodeIgniter\CodeIgniter->run()
#6 {main}
CRITICAL - 2023-02-14 15:14:49 --> Request URI segment is out of range: {0}
#0 C:\xampp\htdocs\diamondnxt\system\HTTP\URI.php(515): CodeIgniter\HTTP\Exceptions\HTTPException::forURISegmentOutOfRange(1)
#1 C:\xampp\htdocs\diamondnxt\app\Modules\Website\Controllers\Home.php(14): CodeIgniter\HTTP\URI->getSegment(1)
#2 C:\xampp\htdocs\diamondnxt\system\CodeIgniter.php(926): App\Modules\Website\Controllers\Home->index()
#3 C:\xampp\htdocs\diamondnxt\system\CodeIgniter.php(412): CodeIgniter\CodeIgniter->runController(Object(App\Modules\Website\Controllers\Home))
#4 C:\xampp\htdocs\diamondnxt\system\CodeIgniter.php(320): CodeIgniter\CodeIgniter->handleRequest(NULL, Object(Config\Cache), false)
#5 C:\xampp\htdocs\diamondnxt\index.php(64): CodeIgniter\CodeIgniter->run()
#6 {main}
CRITICAL - 2023-02-14 15:14:49 --> Request URI segment is out of range: {0}
#0 C:\xampp\htdocs\diamondnxt\system\HTTP\URI.php(515): CodeIgniter\HTTP\Exceptions\HTTPException::forURISegmentOutOfRange(1)
#1 C:\xampp\htdocs\diamondnxt\app\Modules\Website\Controllers\Home.php(14): CodeIgniter\HTTP\URI->getSegment(1)
#2 C:\xampp\htdocs\diamondnxt\system\CodeIgniter.php(926): App\Modules\Website\Controllers\Home->index()
#3 C:\xampp\htdocs\diamondnxt\system\CodeIgniter.php(412): CodeIgniter\CodeIgniter->runController(Object(App\Modules\Website\Controllers\Home))
#4 C:\xampp\htdocs\diamondnxt\system\CodeIgniter.php(320): CodeIgniter\CodeIgniter->handleRequest(NULL, Object(Config\Cache), false)
#5 C:\xampp\htdocs\diamondnxt\index.php(64): CodeIgniter\CodeIgniter->run()
#6 {main}
CRITICAL - 2023-02-14 15:14:50 --> Request URI segment is out of range: {0}
#0 C:\xampp\htdocs\diamondnxt\system\HTTP\URI.php(515): CodeIgniter\HTTP\Exceptions\HTTPException::forURISegmentOutOfRange(1)
#1 C:\xampp\htdocs\diamondnxt\app\Modules\Website\Controllers\Home.php(14): CodeIgniter\HTTP\URI->getSegment(1)
#2 C:\xampp\htdocs\diamondnxt\system\CodeIgniter.php(926): App\Modules\Website\Controllers\Home->index()
#3 C:\xampp\htdocs\diamondnxt\system\CodeIgniter.php(412): CodeIgniter\CodeIgniter->runController(Object(App\Modules\Website\Controllers\Home))
#4 C:\xampp\htdocs\diamondnxt\system\CodeIgniter.php(320): CodeIgniter\CodeIgniter->handleRequest(NULL, Object(Config\Cache), false)
#5 C:\xampp\htdocs\diamondnxt\index.php(64): CodeIgniter\CodeIgniter->run()
#6 {main}
CRITICAL - 2023-02-14 15:15:03 --> Call to undefined method CodeIgniter\HTTP\URI::segment()
#0 C:\xampp\htdocs\diamondnxt\system\CodeIgniter.php(926): App\Modules\Website\Controllers\Home->index()
#1 C:\xampp\htdocs\diamondnxt\system\CodeIgniter.php(412): CodeIgniter\CodeIgniter->runController(Object(App\Modules\Website\Controllers\Home))
#2 C:\xampp\htdocs\diamondnxt\system\CodeIgniter.php(320): CodeIgniter\CodeIgniter->handleRequest(NULL, Object(Config\Cache), false)
#3 C:\xampp\htdocs\diamondnxt\index.php(64): CodeIgniter\CodeIgniter->run()
#4 {main}
CRITICAL - 2023-02-14 15:15:03 --> Call to undefined method CodeIgniter\HTTP\URI::segment()
#0 C:\xampp\htdocs\diamondnxt\system\CodeIgniter.php(926): App\Modules\Website\Controllers\Home->index()
#1 C:\xampp\htdocs\diamondnxt\system\CodeIgniter.php(412): CodeIgniter\CodeIgniter->runController(Object(App\Modules\Website\Controllers\Home))
#2 C:\xampp\htdocs\diamondnxt\system\CodeIgniter.php(320): CodeIgniter\CodeIgniter->handleRequest(NULL, Object(Config\Cache), false)
#3 C:\xampp\htdocs\diamondnxt\index.php(64): CodeIgniter\CodeIgniter->run()
#4 {main}
CRITICAL - 2023-02-14 15:15:04 --> Call to undefined method CodeIgniter\HTTP\URI::segment()
#0 C:\xampp\htdocs\diamondnxt\system\CodeIgniter.php(926): App\Modules\Website\Controllers\Home->index()
#1 C:\xampp\htdocs\diamondnxt\system\CodeIgniter.php(412): CodeIgniter\CodeIgniter->runController(Object(App\Modules\Website\Controllers\Home))
#2 C:\xampp\htdocs\diamondnxt\system\CodeIgniter.php(320): CodeIgniter\CodeIgniter->handleRequest(NULL, Object(Config\Cache), false)
#3 C:\xampp\htdocs\diamondnxt\index.php(64): CodeIgniter\CodeIgniter->run()
#4 {main}
CRITICAL - 2023-02-14 15:15:04 --> Call to undefined method CodeIgniter\HTTP\URI::segment()
#0 C:\xampp\htdocs\diamondnxt\system\CodeIgniter.php(926): App\Modules\Website\Controllers\Home->index()
#1 C:\xampp\htdocs\diamondnxt\system\CodeIgniter.php(412): CodeIgniter\CodeIgniter->runController(Object(App\Modules\Website\Controllers\Home))
#2 C:\xampp\htdocs\diamondnxt\system\CodeIgniter.php(320): CodeIgniter\CodeIgniter->handleRequest(NULL, Object(Config\Cache), false)
#3 C:\xampp\htdocs\diamondnxt\index.php(64): CodeIgniter\CodeIgniter->run()
#4 {main}
CRITICAL - 2023-02-14 15:15:04 --> Call to undefined method CodeIgniter\HTTP\URI::segment()
#0 C:\xampp\htdocs\diamondnxt\system\CodeIgniter.php(926): App\Modules\Website\Controllers\Home->index()
#1 C:\xampp\htdocs\diamondnxt\system\CodeIgniter.php(412): CodeIgniter\CodeIgniter->runController(Object(App\Modules\Website\Controllers\Home))
#2 C:\xampp\htdocs\diamondnxt\system\CodeIgniter.php(320): CodeIgniter\CodeIgniter->handleRequest(NULL, Object(Config\Cache), false)
#3 C:\xampp\htdocs\diamondnxt\index.php(64): CodeIgniter\CodeIgniter->run()
#4 {main}
CRITICAL - 2023-02-14 15:15:04 --> Call to undefined method CodeIgniter\HTTP\URI::segment()
#0 C:\xampp\htdocs\diamondnxt\system\CodeIgniter.php(926): App\Modules\Website\Controllers\Home->index()
#1 C:\xampp\htdocs\diamondnxt\system\CodeIgniter.php(412): CodeIgniter\CodeIgniter->runController(Object(App\Modules\Website\Controllers\Home))
#2 C:\xampp\htdocs\diamondnxt\system\CodeIgniter.php(320): CodeIgniter\CodeIgniter->handleRequest(NULL, Object(Config\Cache), false)
#3 C:\xampp\htdocs\diamondnxt\index.php(64): CodeIgniter\CodeIgniter->run()
#4 {main}
CRITICAL - 2023-02-14 15:15:04 --> Call to undefined method CodeIgniter\HTTP\URI::segment()
#0 C:\xampp\htdocs\diamondnxt\system\CodeIgniter.php(926): App\Modules\Website\Controllers\Home->index()
#1 C:\xampp\htdocs\diamondnxt\system\CodeIgniter.php(412): CodeIgniter\CodeIgniter->runController(Object(App\Modules\Website\Controllers\Home))
#2 C:\xampp\htdocs\diamondnxt\system\CodeIgniter.php(320): CodeIgniter\CodeIgniter->handleRequest(NULL, Object(Config\Cache), false)
#3 C:\xampp\htdocs\diamondnxt\index.php(64): CodeIgniter\CodeIgniter->run()
#4 {main}
CRITICAL - 2023-02-14 15:15:05 --> Call to undefined method CodeIgniter\HTTP\URI::segment()
#0 C:\xampp\htdocs\diamondnxt\system\CodeIgniter.php(926): App\Modules\Website\Controllers\Home->index()
#1 C:\xampp\htdocs\diamondnxt\system\CodeIgniter.php(412): CodeIgniter\CodeIgniter->runController(Object(App\Modules\Website\Controllers\Home))
#2 C:\xampp\htdocs\diamondnxt\system\CodeIgniter.php(320): CodeIgniter\CodeIgniter->handleRequest(NULL, Object(Config\Cache), false)
#3 C:\xampp\htdocs\diamondnxt\index.php(64): CodeIgniter\CodeIgniter->run()
#4 {main}
CRITICAL - 2023-02-14 15:15:05 --> Call to undefined method CodeIgniter\HTTP\URI::segment()
#0 C:\xampp\htdocs\diamondnxt\system\CodeIgniter.php(926): App\Modules\Website\Controllers\Home->index()
#1 C:\xampp\htdocs\diamondnxt\system\CodeIgniter.php(412): CodeIgniter\CodeIgniter->runController(Object(App\Modules\Website\Controllers\Home))
#2 C:\xampp\htdocs\diamondnxt\system\CodeIgniter.php(320): CodeIgniter\CodeIgniter->handleRequest(NULL, Object(Config\Cache), false)
#3 C:\xampp\htdocs\diamondnxt\index.php(64): CodeIgniter\CodeIgniter->run()
#4 {main}
CRITICAL - 2023-02-14 15:15:11 --> Call to undefined method CodeIgniter\HTTP\URI::segment()
#0 C:\xampp\htdocs\diamondnxt\system\CodeIgniter.php(926): App\Modules\Website\Controllers\Home->index()
#1 C:\xampp\htdocs\diamondnxt\system\CodeIgniter.php(412): CodeIgniter\CodeIgniter->runController(Object(App\Modules\Website\Controllers\Home))
#2 C:\xampp\htdocs\diamondnxt\system\CodeIgniter.php(320): CodeIgniter\CodeIgniter->handleRequest(NULL, Object(Config\Cache), false)
#3 C:\xampp\htdocs\diamondnxt\index.php(64): CodeIgniter\CodeIgniter->run()
#4 {main}
CRITICAL - 2023-02-14 15:15:11 --> Call to undefined method CodeIgniter\HTTP\URI::segment()
#0 C:\xampp\htdocs\diamondnxt\system\CodeIgniter.php(926): App\Modules\Website\Controllers\Home->index()
#1 C:\xampp\htdocs\diamondnxt\system\CodeIgniter.php(412): CodeIgniter\CodeIgniter->runController(Object(App\Modules\Website\Controllers\Home))
#2 C:\xampp\htdocs\diamondnxt\system\CodeIgniter.php(320): CodeIgniter\CodeIgniter->handleRequest(NULL, Object(Config\Cache), false)
#3 C:\xampp\htdocs\diamondnxt\index.php(64): CodeIgniter\CodeIgniter->run()
#4 {main}
CRITICAL - 2023-02-14 15:15:11 --> Call to undefined method CodeIgniter\HTTP\URI::segment()
#0 C:\xampp\htdocs\diamondnxt\system\CodeIgniter.php(926): App\Modules\Website\Controllers\Home->index()
#1 C:\xampp\htdocs\diamondnxt\system\CodeIgniter.php(412): CodeIgniter\CodeIgniter->runController(Object(App\Modules\Website\Controllers\Home))
#2 C:\xampp\htdocs\diamondnxt\system\CodeIgniter.php(320): CodeIgniter\CodeIgniter->handleRequest(NULL, Object(Config\Cache), false)
#3 C:\xampp\htdocs\diamondnxt\index.php(64): CodeIgniter\CodeIgniter->run()
#4 {main}
CRITICAL - 2023-02-14 15:15:12 --> Call to undefined method CodeIgniter\HTTP\URI::segment()
#0 C:\xampp\htdocs\diamondnxt\system\CodeIgniter.php(926): App\Modules\Website\Controllers\Home->index()
#1 C:\xampp\htdocs\diamondnxt\system\CodeIgniter.php(412): CodeIgniter\CodeIgniter->runController(Object(App\Modules\Website\Controllers\Home))
#2 C:\xampp\htdocs\diamondnxt\system\CodeIgniter.php(320): CodeIgniter\CodeIgniter->handleRequest(NULL, Object(Config\Cache), false)
#3 C:\xampp\htdocs\diamondnxt\index.php(64): CodeIgniter\CodeIgniter->run()
#4 {main}
CRITICAL - 2023-02-14 15:15:12 --> Call to undefined method CodeIgniter\HTTP\URI::segment()
#0 C:\xampp\htdocs\diamondnxt\system\CodeIgniter.php(926): App\Modules\Website\Controllers\Home->index()
#1 C:\xampp\htdocs\diamondnxt\system\CodeIgniter.php(412): CodeIgniter\CodeIgniter->runController(Object(App\Modules\Website\Controllers\Home))
#2 C:\xampp\htdocs\diamondnxt\system\CodeIgniter.php(320): CodeIgniter\CodeIgniter->handleRequest(NULL, Object(Config\Cache), false)
#3 C:\xampp\htdocs\diamondnxt\index.php(64): CodeIgniter\CodeIgniter->run()
#4 {main}
CRITICAL - 2023-02-14 15:42:09 --> Too few arguments to function App\Modules\Website\Controllers\Home::index(), 0 passed in C:\xampp\htdocs\diamondnxt\system\CodeIgniter.php on line 926 and exactly 1 expected
#0 C:\xampp\htdocs\diamondnxt\system\CodeIgniter.php(926): App\Modules\Website\Controllers\Home->index()
#1 C:\xampp\htdocs\diamondnxt\system\CodeIgniter.php(412): CodeIgniter\CodeIgniter->runController(Object(App\Modules\Website\Controllers\Home))
#2 C:\xampp\htdocs\diamondnxt\system\CodeIgniter.php(320): CodeIgniter\CodeIgniter->handleRequest(NULL, Object(Config\Cache), false)
#3 C:\xampp\htdocs\diamondnxt\index.php(64): CodeIgniter\CodeIgniter->run()
#4 {main}
CRITICAL - 2023-02-14 15:42:10 --> Too few arguments to function App\Modules\Website\Controllers\Home::index(), 0 passed in C:\xampp\htdocs\diamondnxt\system\CodeIgniter.php on line 926 and exactly 1 expected
#0 C:\xampp\htdocs\diamondnxt\system\CodeIgniter.php(926): App\Modules\Website\Controllers\Home->index()
#1 C:\xampp\htdocs\diamondnxt\system\CodeIgniter.php(412): CodeIgniter\CodeIgniter->runController(Object(App\Modules\Website\Controllers\Home))
#2 C:\xampp\htdocs\diamondnxt\system\CodeIgniter.php(320): CodeIgniter\CodeIgniter->handleRequest(NULL, Object(Config\Cache), false)
#3 C:\xampp\htdocs\diamondnxt\index.php(64): CodeIgniter\CodeIgniter->run()
#4 {main}
CRITICAL - 2023-02-14 15:42:10 --> Too few arguments to function App\Modules\Website\Controllers\Home::index(), 0 passed in C:\xampp\htdocs\diamondnxt\system\CodeIgniter.php on line 926 and exactly 1 expected
#0 C:\xampp\htdocs\diamondnxt\system\CodeIgniter.php(926): App\Modules\Website\Controllers\Home->index()
#1 C:\xampp\htdocs\diamondnxt\system\CodeIgniter.php(412): CodeIgniter\CodeIgniter->runController(Object(App\Modules\Website\Controllers\Home))
#2 C:\xampp\htdocs\diamondnxt\system\CodeIgniter.php(320): CodeIgniter\CodeIgniter->handleRequest(NULL, Object(Config\Cache), false)
#3 C:\xampp\htdocs\diamondnxt\index.php(64): CodeIgniter\CodeIgniter->run()
#4 {main}
CRITICAL - 2023-02-14 15:42:10 --> Too few arguments to function App\Modules\Website\Controllers\Home::index(), 0 passed in C:\xampp\htdocs\diamondnxt\system\CodeIgniter.php on line 926 and exactly 1 expected
#0 C:\xampp\htdocs\diamondnxt\system\CodeIgniter.php(926): App\Modules\Website\Controllers\Home->index()
#1 C:\xampp\htdocs\diamondnxt\system\CodeIgniter.php(412): CodeIgniter\CodeIgniter->runController(Object(App\Modules\Website\Controllers\Home))
#2 C:\xampp\htdocs\diamondnxt\system\CodeIgniter.php(320): CodeIgniter\CodeIgniter->handleRequest(NULL, Object(Config\Cache), false)
#3 C:\xampp\htdocs\diamondnxt\index.php(64): CodeIgniter\CodeIgniter->run()
#4 {main}
CRITICAL - 2023-02-14 15:42:10 --> Too few arguments to function App\Modules\Website\Controllers\Home::index(), 0 passed in C:\xampp\htdocs\diamondnxt\system\CodeIgniter.php on line 926 and exactly 1 expected
#0 C:\xampp\htdocs\diamondnxt\system\CodeIgniter.php(926): App\Modules\Website\Controllers\Home->index()
#1 C:\xampp\htdocs\diamondnxt\system\CodeIgniter.php(412): CodeIgniter\CodeIgniter->runController(Object(App\Modules\Website\Controllers\Home))
#2 C:\xampp\htdocs\diamondnxt\system\CodeIgniter.php(320): CodeIgniter\CodeIgniter->handleRequest(NULL, Object(Config\Cache), false)
#3 C:\xampp\htdocs\diamondnxt\index.php(64): CodeIgniter\CodeIgniter->run()
#4 {main}
CRITICAL - 2023-02-14 15:42:10 --> Too few arguments to function App\Modules\Website\Controllers\Home::index(), 0 passed in C:\xampp\htdocs\diamondnxt\system\CodeIgniter.php on line 926 and exactly 1 expected
#0 C:\xampp\htdocs\diamondnxt\system\CodeIgniter.php(926): App\Modules\Website\Controllers\Home->index()
#1 C:\xampp\htdocs\diamondnxt\system\CodeIgniter.php(412): CodeIgniter\CodeIgniter->runController(Object(App\Modules\Website\Controllers\Home))
#2 C:\xampp\htdocs\diamondnxt\system\CodeIgniter.php(320): CodeIgniter\CodeIgniter->handleRequest(NULL, Object(Config\Cache), false)
#3 C:\xampp\htdocs\diamondnxt\index.php(64): CodeIgniter\CodeIgniter->run()
#4 {main}
CRITICAL - 2023-02-14 15:42:19 --> Too few arguments to function App\Modules\Website\Controllers\Home::index(), 0 passed in C:\xampp\htdocs\diamondnxt\system\CodeIgniter.php on line 926 and exactly 1 expected
#0 C:\xampp\htdocs\diamondnxt\system\CodeIgniter.php(926): App\Modules\Website\Controllers\Home->index()
#1 C:\xampp\htdocs\diamondnxt\system\CodeIgniter.php(412): CodeIgniter\CodeIgniter->runController(Object(App\Modules\Website\Controllers\Home))
#2 C:\xampp\htdocs\diamondnxt\system\CodeIgniter.php(320): CodeIgniter\CodeIgniter->handleRequest(NULL, Object(Config\Cache), false)
#3 C:\xampp\htdocs\diamondnxt\index.php(64): CodeIgniter\CodeIgniter->run()
#4 {main}
CRITICAL - 2023-02-14 15:42:20 --> Too few arguments to function App\Modules\Website\Controllers\Home::index(), 0 passed in C:\xampp\htdocs\diamondnxt\system\CodeIgniter.php on line 926 and exactly 1 expected
#0 C:\xampp\htdocs\diamondnxt\system\CodeIgniter.php(926): App\Modules\Website\Controllers\Home->index()
#1 C:\xampp\htdocs\diamondnxt\system\CodeIgniter.php(412): CodeIgniter\CodeIgniter->runController(Object(App\Modules\Website\Controllers\Home))
#2 C:\xampp\htdocs\diamondnxt\system\CodeIgniter.php(320): CodeIgniter\CodeIgniter->handleRequest(NULL, Object(Config\Cache), false)
#3 C:\xampp\htdocs\diamondnxt\index.php(64): CodeIgniter\CodeIgniter->run()
#4 {main}
CRITICAL - 2023-02-14 15:42:20 --> Too few arguments to function App\Modules\Website\Controllers\Home::index(), 0 passed in C:\xampp\htdocs\diamondnxt\system\CodeIgniter.php on line 926 and exactly 1 expected
#0 C:\xampp\htdocs\diamondnxt\system\CodeIgniter.php(926): App\Modules\Website\Controllers\Home->index()
#1 C:\xampp\htdocs\diamondnxt\system\CodeIgniter.php(412): CodeIgniter\CodeIgniter->runController(Object(App\Modules\Website\Controllers\Home))
#2 C:\xampp\htdocs\diamondnxt\system\CodeIgniter.php(320): CodeIgniter\CodeIgniter->handleRequest(NULL, Object(Config\Cache), false)
#3 C:\xampp\htdocs\diamondnxt\index.php(64): CodeIgniter\CodeIgniter->run()
#4 {main}
CRITICAL - 2023-02-14 15:43:00 --> Too few arguments to function App\Modules\Website\Controllers\Home::index(), 0 passed in C:\xampp\htdocs\diamondnxt\system\CodeIgniter.php on line 926 and exactly 1 expected
#0 C:\xampp\htdocs\diamondnxt\system\CodeIgniter.php(926): App\Modules\Website\Controllers\Home->index()
#1 C:\xampp\htdocs\diamondnxt\system\CodeIgniter.php(412): CodeIgniter\CodeIgniter->runController(Object(App\Modules\Website\Controllers\Home))
#2 C:\xampp\htdocs\diamondnxt\system\CodeIgniter.php(320): CodeIgniter\CodeIgniter->handleRequest(NULL, Object(Config\Cache), false)
#3 C:\xampp\htdocs\diamondnxt\index.php(64): CodeIgniter\CodeIgniter->run()
#4 {main}
CRITICAL - 2023-02-14 15:43:24 --> Too few arguments to function App\Modules\Website\Controllers\Home::index(), 0 passed in C:\xampp\htdocs\diamondnxt\system\CodeIgniter.php on line 926 and exactly 1 expected
#0 C:\xampp\htdocs\diamondnxt\system\CodeIgniter.php(926): App\Modules\Website\Controllers\Home->index()
#1 C:\xampp\htdocs\diamondnxt\system\CodeIgniter.php(412): CodeIgniter\CodeIgniter->runController(Object(App\Modules\Website\Controllers\Home))
#2 C:\xampp\htdocs\diamondnxt\system\CodeIgniter.php(320): CodeIgniter\CodeIgniter->handleRequest(NULL, Object(Config\Cache), false)
#3 C:\xampp\htdocs\diamondnxt\index.php(64): CodeIgniter\CodeIgniter->run()
#4 {main}
CRITICAL - 2023-02-14 15:43:25 --> Too few arguments to function App\Modules\Website\Controllers\Home::index(), 0 passed in C:\xampp\htdocs\diamondnxt\system\CodeIgniter.php on line 926 and exactly 1 expected
#0 C:\xampp\htdocs\diamondnxt\system\CodeIgniter.php(926): App\Modules\Website\Controllers\Home->index()
#1 C:\xampp\htdocs\diamondnxt\system\CodeIgniter.php(412): CodeIgniter\CodeIgniter->runController(Object(App\Modules\Website\Controllers\Home))
#2 C:\xampp\htdocs\diamondnxt\system\CodeIgniter.php(320): CodeIgniter\CodeIgniter->handleRequest(NULL, Object(Config\Cache), false)
#3 C:\xampp\htdocs\diamondnxt\index.php(64): CodeIgniter\CodeIgniter->run()
#4 {main}
CRITICAL - 2023-02-14 15:43:25 --> Too few arguments to function App\Modules\Website\Controllers\Home::index(), 0 passed in C:\xampp\htdocs\diamondnxt\system\CodeIgniter.php on line 926 and exactly 1 expected
#0 C:\xampp\htdocs\diamondnxt\system\CodeIgniter.php(926): App\Modules\Website\Controllers\Home->index()
#1 C:\xampp\htdocs\diamondnxt\system\CodeIgniter.php(412): CodeIgniter\CodeIgniter->runController(Object(App\Modules\Website\Controllers\Home))
#2 C:\xampp\htdocs\diamondnxt\system\CodeIgniter.php(320): CodeIgniter\CodeIgniter->handleRequest(NULL, Object(Config\Cache), false)
#3 C:\xampp\htdocs\diamondnxt\index.php(64): CodeIgniter\CodeIgniter->run()
#4 {main}
CRITICAL - 2023-02-14 15:43:25 --> Too few arguments to function App\Modules\Website\Controllers\Home::index(), 0 passed in C:\xampp\htdocs\diamondnxt\system\CodeIgniter.php on line 926 and exactly 1 expected
#0 C:\xampp\htdocs\diamondnxt\system\CodeIgniter.php(926): App\Modules\Website\Controllers\Home->index()
#1 C:\xampp\htdocs\diamondnxt\system\CodeIgniter.php(412): CodeIgniter\CodeIgniter->runController(Object(App\Modules\Website\Controllers\Home))
#2 C:\xampp\htdocs\diamondnxt\system\CodeIgniter.php(320): CodeIgniter\CodeIgniter->handleRequest(NULL, Object(Config\Cache), false)
#3 C:\xampp\htdocs\diamondnxt\index.php(64): CodeIgniter\CodeIgniter->run()
#4 {main}
CRITICAL - 2023-02-14 15:43:25 --> Too few arguments to function App\Modules\Website\Controllers\Home::index(), 0 passed in C:\xampp\htdocs\diamondnxt\system\CodeIgniter.php on line 926 and exactly 1 expected
#0 C:\xampp\htdocs\diamondnxt\system\CodeIgniter.php(926): App\Modules\Website\Controllers\Home->index()
#1 C:\xampp\htdocs\diamondnxt\system\CodeIgniter.php(412): CodeIgniter\CodeIgniter->runController(Object(App\Modules\Website\Controllers\Home))
#2 C:\xampp\htdocs\diamondnxt\system\CodeIgniter.php(320): CodeIgniter\CodeIgniter->handleRequest(NULL, Object(Config\Cache), false)
#3 C:\xampp\htdocs\diamondnxt\index.php(64): CodeIgniter\CodeIgniter->run()
#4 {main}
CRITICAL - 2023-02-14 15:43:30 --> Too few arguments to function App\Modules\Website\Controllers\Home::index(), 0 passed in C:\xampp\htdocs\diamondnxt\system\CodeIgniter.php on line 926 and exactly 1 expected
#0 C:\xampp\htdocs\diamondnxt\system\CodeIgniter.php(926): App\Modules\Website\Controllers\Home->index()
#1 C:\xampp\htdocs\diamondnxt\system\CodeIgniter.php(412): CodeIgniter\CodeIgniter->runController(Object(App\Modules\Website\Controllers\Home))
#2 C:\xampp\htdocs\diamondnxt\system\CodeIgniter.php(320): CodeIgniter\CodeIgniter->handleRequest(NULL, Object(Config\Cache), false)
#3 C:\xampp\htdocs\diamondnxt\index.php(64): CodeIgniter\CodeIgniter->run()
#4 {main}
CRITICAL - 2023-02-14 15:43:30 --> Too few arguments to function App\Modules\Website\Controllers\Home::index(), 0 passed in C:\xampp\htdocs\diamondnxt\system\CodeIgniter.php on line 926 and exactly 1 expected
#0 C:\xampp\htdocs\diamondnxt\system\CodeIgniter.php(926): App\Modules\Website\Controllers\Home->index()
#1 C:\xampp\htdocs\diamondnxt\system\CodeIgniter.php(412): CodeIgniter\CodeIgniter->runController(Object(App\Modules\Website\Controllers\Home))
#2 C:\xampp\htdocs\diamondnxt\system\CodeIgniter.php(320): CodeIgniter\CodeIgniter->handleRequest(NULL, Object(Config\Cache), false)
#3 C:\xampp\htdocs\diamondnxt\index.php(64): CodeIgniter\CodeIgniter->run()
#4 {main}
CRITICAL - 2023-02-14 15:43:31 --> Too few arguments to function App\Modules\Website\Controllers\Home::index(), 0 passed in C:\xampp\htdocs\diamondnxt\system\CodeIgniter.php on line 926 and exactly 1 expected
#0 C:\xampp\htdocs\diamondnxt\system\CodeIgniter.php(926): App\Modules\Website\Controllers\Home->index()
#1 C:\xampp\htdocs\diamondnxt\system\CodeIgniter.php(412): CodeIgniter\CodeIgniter->runController(Object(App\Modules\Website\Controllers\Home))
#2 C:\xampp\htdocs\diamondnxt\system\CodeIgniter.php(320): CodeIgniter\CodeIgniter->handleRequest(NULL, Object(Config\Cache), false)
#3 C:\xampp\htdocs\diamondnxt\index.php(64): CodeIgniter\CodeIgniter->run()
#4 {main}
CRITICAL - 2023-02-14 15:43:31 --> Too few arguments to function App\Modules\Website\Controllers\Home::index(), 0 passed in C:\xampp\htdocs\diamondnxt\system\CodeIgniter.php on line 926 and exactly 1 expected
#0 C:\xampp\htdocs\diamondnxt\system\CodeIgniter.php(926): App\Modules\Website\Controllers\Home->index()
#1 C:\xampp\htdocs\diamondnxt\system\CodeIgniter.php(412): CodeIgniter\CodeIgniter->runController(Object(App\Modules\Website\Controllers\Home))
#2 C:\xampp\htdocs\diamondnxt\system\CodeIgniter.php(320): CodeIgniter\CodeIgniter->handleRequest(NULL, Object(Config\Cache), false)
#3 C:\xampp\htdocs\diamondnxt\index.php(64): CodeIgniter\CodeIgniter->run()
#4 {main}
CRITICAL - 2023-02-14 19:07:49 --> Too few arguments to function App\Libraries\UploadImage::Image(), 3 passed in C:\xampp\htdocs\diamondnxt\app\Modules\User\Controllers\Customer\Profile.php on line 195 and exactly 5 expected
#0 C:\xampp\htdocs\diamondnxt\app\Modules\User\Controllers\Customer\Profile.php(195): App\Libraries\UploadImage->Image(NULL, 'public/uploads/...', '/public/uploads...')
#1 C:\xampp\htdocs\diamondnxt\system\CodeIgniter.php(926): App\Modules\User\Controllers\Customer\Profile->withdraw()
#2 C:\xampp\htdocs\diamondnxt\system\CodeIgniter.php(412): CodeIgniter\CodeIgniter->runController(Object(App\Modules\User\Controllers\Customer\Profile))
#3 C:\xampp\htdocs\diamondnxt\system\CodeIgniter.php(320): CodeIgniter\CodeIgniter->handleRequest(NULL, Object(Config\Cache), false)
#4 C:\xampp\htdocs\diamondnxt\index.php(64): CodeIgniter\CodeIgniter->run()
#5 {main}
CRITICAL - 2023-02-14 19:20:07 --> Too few arguments to function App\Libraries\UploadImage::Image(), 3 passed in C:\xampp\htdocs\diamondnxt\app\Modules\User\Controllers\Customer\Profile.php on line 196 and exactly 5 expected
#0 C:\xampp\htdocs\diamondnxt\app\Modules\User\Controllers\Customer\Profile.php(196): App\Libraries\UploadImage->Image(NULL, 'public/uploads/...', '/public/uploads...')
#1 C:\xampp\htdocs\diamondnxt\system\CodeIgniter.php(926): App\Modules\User\Controllers\Customer\Profile->withdraw()
#2 C:\xampp\htdocs\diamondnxt\system\CodeIgniter.php(412): CodeIgniter\CodeIgniter->runController(Object(App\Modules\User\Controllers\Customer\Profile))
#3 C:\xampp\htdocs\diamondnxt\system\CodeIgniter.php(320): CodeIgniter\CodeIgniter->handleRequest(NULL, Object(Config\Cache), false)
#4 C:\xampp\htdocs\diamondnxt\index.php(64): CodeIgniter\CodeIgniter->run()
#5 {main}
CRITICAL - 2023-02-14 20:07:05 --> Call to a member function isValid() on null
#0 C:\xampp\htdocs\diamondnxt\app\Modules\User\Controllers\Customer\Profile.php(195): App\Libraries\UploadImage->Image(NULL, 'public/uploads/...', '/public/uploads...', 300, 300)
#1 C:\xampp\htdocs\diamondnxt\system\CodeIgniter.php(926): App\Modules\User\Controllers\Customer\Profile->withdraw()
#2 C:\xampp\htdocs\diamondnxt\system\CodeIgniter.php(412): CodeIgniter\CodeIgniter->runController(Object(App\Modules\User\Controllers\Customer\Profile))
#3 C:\xampp\htdocs\diamondnxt\system\CodeIgniter.php(320): CodeIgniter\CodeIgniter->handleRequest(NULL, Object(Config\Cache), false)
#4 C:\xampp\htdocs\diamondnxt\index.php(64): CodeIgniter\CodeIgniter->run()
#5 {main}
CRITICAL - 2023-02-14 20:07:28 --> Call to a member function isValid() on null
#0 C:\xampp\htdocs\diamondnxt\app\Modules\User\Controllers\Customer\Profile.php(195): App\Libraries\UploadImage->Image(NULL, 'public/uploads/...', '/public/uploads...', 300, 300)
#1 C:\xampp\htdocs\diamondnxt\system\CodeIgniter.php(926): App\Modules\User\Controllers\Customer\Profile->withdraw()
#2 C:\xampp\htdocs\diamondnxt\system\CodeIgniter.php(412): CodeIgniter\CodeIgniter->runController(Object(App\Modules\User\Controllers\Customer\Profile))
#3 C:\xampp\htdocs\diamondnxt\system\CodeIgniter.php(320): CodeIgniter\CodeIgniter->handleRequest(NULL, Object(Config\Cache), false)
#4 C:\xampp\htdocs\diamondnxt\index.php(64): CodeIgniter\CodeIgniter->run()
#5 {main}
CRITICAL - 2023-02-14 20:16:06 --> Call to a member function isValid() on null
#0 C:\xampp\htdocs\diamondnxt\app\Modules\User\Controllers\Customer\Profile.php(192): App\Libraries\UploadImage->Image(NULL, 'public/uploads/...', '/public/uploads...', 300, 300)
#1 C:\xampp\htdocs\diamondnxt\system\CodeIgniter.php(926): App\Modules\User\Controllers\Customer\Profile->withdraw()
#2 C:\xampp\htdocs\diamondnxt\system\CodeIgniter.php(412): CodeIgniter\CodeIgniter->runController(Object(App\Modules\User\Controllers\Customer\Profile))
#3 C:\xampp\htdocs\diamondnxt\system\CodeIgniter.php(320): CodeIgniter\CodeIgniter->handleRequest(NULL, Object(Config\Cache), false)
#4 C:\xampp\htdocs\diamondnxt\index.php(64): CodeIgniter\CodeIgniter->run()
#5 {main}
CRITICAL - 2023-02-14 20:19:55 --> Call to a member function isValid() on null
#0 C:\xampp\htdocs\diamondnxt\app\Modules\User\Controllers\Customer\Profile.php(192): App\Libraries\UploadImage->Image(NULL, 'public/uploads/...', '/public/uploads...', 300, 300)
#1 C:\xampp\htdocs\diamondnxt\system\CodeIgniter.php(926): App\Modules\User\Controllers\Customer\Profile->withdraw()
#2 C:\xampp\htdocs\diamondnxt\system\CodeIgniter.php(412): CodeIgniter\CodeIgniter->runController(Object(App\Modules\User\Controllers\Customer\Profile))
#3 C:\xampp\htdocs\diamondnxt\system\CodeIgniter.php(320): CodeIgniter\CodeIgniter->handleRequest(NULL, Object(Config\Cache), false)
#4 C:\xampp\htdocs\diamondnxt\index.php(64): CodeIgniter\CodeIgniter->run()
#5 {main}
CRITICAL - 2023-02-14 20:26:41 --> Call to a member function isValid() on null
#0 C:\xampp\htdocs\diamondnxt\app\Modules\User\Controllers\Customer\Profile.php(192): App\Libraries\UploadImage->Image(NULL, 'public/uploads/...', '', 300, 300)
#1 C:\xampp\htdocs\diamondnxt\system\CodeIgniter.php(926): App\Modules\User\Controllers\Customer\Profile->withdraw()
#2 C:\xampp\htdocs\diamondnxt\system\CodeIgniter.php(412): CodeIgniter\CodeIgniter->runController(Object(App\Modules\User\Controllers\Customer\Profile))
#3 C:\xampp\htdocs\diamondnxt\system\CodeIgniter.php(320): CodeIgniter\CodeIgniter->handleRequest(NULL, Object(Config\Cache), false)
#4 C:\xampp\htdocs\diamondnxt\index.php(64): CodeIgniter\CodeIgniter->run()
#5 {main}
CRITICAL - 2023-02-14 20:59:24 --> The supplied file is not a supported image type.
#0 C:\xampp\htdocs\diamondnxt\system\Images\Image.php(142): CodeIgniter\Images\Exceptions\ImageException::forFileNotSupported()
#1 C:\xampp\htdocs\diamondnxt\system\Images\Handlers\BaseHandler.php(173): CodeIgniter\Images\Image->getProperties(false)
#2 C:\xampp\htdocs\diamondnxt\app\Libraries\UploadImage.php(12): CodeIgniter\Images\Handlers\BaseHandler->withFile('C:\\xampp\\tmp\\ph...')
#3 C:\xampp\htdocs\diamondnxt\app\Modules\User\Controllers\Customer\Profile.php(192): App\Libraries\UploadImage->Image(Object(CodeIgniter\HTTP\Files\UploadedFile), 'public/uploads/...', '', 300, 300)
#4 C:\xampp\htdocs\diamondnxt\system\CodeIgniter.php(926): App\Modules\User\Controllers\Customer\Profile->withdraw()
#5 C:\xampp\htdocs\diamondnxt\system\CodeIgniter.php(412): CodeIgniter\CodeIgniter->runController(Object(App\Modules\User\Controllers\Customer\Profile))
#6 C:\xampp\htdocs\diamondnxt\system\CodeIgniter.php(320): CodeIgniter\CodeIgniter->handleRequest(NULL, Object(Config\Cache), false)
#7 C:\xampp\htdocs\diamondnxt\index.php(64): CodeIgniter\CodeIgniter->run()
#8 {main}
CRITICAL - 2023-02-14 21:16:05 --> The supplied file is not a supported image type.
#0 C:\xampp\htdocs\diamondnxt\system\Images\Image.php(142): CodeIgniter\Images\Exceptions\ImageException::forFileNotSupported()
#1 C:\xampp\htdocs\diamondnxt\system\Images\Handlers\BaseHandler.php(173): CodeIgniter\Images\Image->getProperties(false)
#2 C:\xampp\htdocs\diamondnxt\app\Libraries\UploadImage.php(12): CodeIgniter\Images\Handlers\BaseHandler->withFile('C:\\xampp\\tmp\\ph...')
#3 C:\xampp\htdocs\diamondnxt\app\Modules\User\Controllers\Customer\Profile.php(28): App\Libraries\UploadImage->Image(Object(CodeIgniter\HTTP\Files\UploadedFile), 'public/uploads/...', '/public/uploads...', 300, 300)
#4 C:\xampp\htdocs\diamondnxt\system\CodeIgniter.php(926): App\Modules\User\Controllers\Customer\Profile->index()
#5 C:\xampp\htdocs\diamondnxt\system\CodeIgniter.php(412): CodeIgniter\CodeIgniter->runController(Object(App\Modules\User\Controllers\Customer\Profile))
#6 C:\xampp\htdocs\diamondnxt\system\CodeIgniter.php(320): CodeIgniter\CodeIgniter->handleRequest(NULL, Object(Config\Cache), false)
#7 C:\xampp\htdocs\diamondnxt\index.php(64): CodeIgniter\CodeIgniter->run()
#8 {main}
CRITICAL - 2023-02-14 21:16:11 --> The supplied file is not a supported image type.
#0 C:\xampp\htdocs\diamondnxt\system\Images\Image.php(142): CodeIgniter\Images\Exceptions\ImageException::forFileNotSupported()
#1 C:\xampp\htdocs\diamondnxt\system\Images\Handlers\BaseHandler.php(173): CodeIgniter\Images\Image->getProperties(false)
#2 C:\xampp\htdocs\diamondnxt\app\Libraries\UploadImage.php(12): CodeIgniter\Images\Handlers\BaseHandler->withFile('C:\\xampp\\tmp\\ph...')
#3 C:\xampp\htdocs\diamondnxt\app\Modules\User\Controllers\Customer\Profile.php(28): App\Libraries\UploadImage->Image(Object(CodeIgniter\HTTP\Files\UploadedFile), 'public/uploads/...', '/public/uploads...', 300, 300)
#4 C:\xampp\htdocs\diamondnxt\system\CodeIgniter.php(926): App\Modules\User\Controllers\Customer\Profile->index()
#5 C:\xampp\htdocs\diamondnxt\system\CodeIgniter.php(412): CodeIgniter\CodeIgniter->runController(Object(App\Modules\User\Controllers\Customer\Profile))
#6 C:\xampp\htdocs\diamondnxt\system\CodeIgniter.php(320): CodeIgniter\CodeIgniter->handleRequest(NULL, Object(Config\Cache), false)
#7 C:\xampp\htdocs\diamondnxt\index.php(64): CodeIgniter\CodeIgniter->run()
#8 {main}
CRITICAL - 2023-02-14 21:24:58 --> Call to undefined method App\Libraries\UploadImage::image()
#0 C:\xampp\htdocs\diamondnxt\system\CodeIgniter.php(926): App\Modules\User\Controllers\Customer\Profile->index()
#1 C:\xampp\htdocs\diamondnxt\system\CodeIgniter.php(412): CodeIgniter\CodeIgniter->runController(Object(App\Modules\User\Controllers\Customer\Profile))
#2 C:\xampp\htdocs\diamondnxt\system\CodeIgniter.php(320): CodeIgniter\CodeIgniter->handleRequest(NULL, Object(Config\Cache), false)
#3 C:\xampp\htdocs\diamondnxt\index.php(64): CodeIgniter\CodeIgniter->run()
#4 {main}
CRITICAL - 2023-02-14 21:25:12 --> Call to undefined method App\Libraries\UploadImage::image()
#0 C:\xampp\htdocs\diamondnxt\system\CodeIgniter.php(926): App\Modules\User\Controllers\Customer\Profile->index()
#1 C:\xampp\htdocs\diamondnxt\system\CodeIgniter.php(412): CodeIgniter\CodeIgniter->runController(Object(App\Modules\User\Controllers\Customer\Profile))
#2 C:\xampp\htdocs\diamondnxt\system\CodeIgniter.php(320): CodeIgniter\CodeIgniter->handleRequest(NULL, Object(Config\Cache), false)
#3 C:\xampp\htdocs\diamondnxt\index.php(64): CodeIgniter\CodeIgniter->run()
#4 {main}
CRITICAL - 2023-02-14 21:25:18 --> Use of undefined constant application - assumed 'application' (this will throw an Error in a future version of PHP)
#0 C:\xampp\htdocs\diamondnxt\system\Images\Image.php(150): CodeIgniter\Debug\Exceptions->errorHandler(2, 'Use of undefine...', 'C:\\xampp\\htdocs...', 150, Array)
#1 C:\xampp\htdocs\diamondnxt\system\Images\Handlers\BaseHandler.php(173): CodeIgniter\Images\Image->getProperties(false)
#2 C:\xampp\htdocs\diamondnxt\app\Libraries\UploadImage.php(12): CodeIgniter\Images\Handlers\BaseHandler->withFile('C:\\xampp\\tmp\\ph...')
#3 C:\xampp\htdocs\diamondnxt\app\Modules\User\Controllers\Customer\Profile.php(28): App\Libraries\UploadImage->Image(Object(CodeIgniter\HTTP\Files\UploadedFile), 'public/uploads/...', '/public/uploads...', 300, 300)
#4 C:\xampp\htdocs\diamondnxt\system\CodeIgniter.php(926): App\Modules\User\Controllers\Customer\Profile->index()
#5 C:\xampp\htdocs\diamondnxt\system\CodeIgniter.php(412): CodeIgniter\CodeIgniter->runController(Object(App\Modules\User\Controllers\Customer\Profile))
#6 C:\xampp\htdocs\diamondnxt\system\CodeIgniter.php(320): CodeIgniter\CodeIgniter->handleRequest(NULL, Object(Config\Cache), false)
#7 C:\xampp\htdocs\diamondnxt\index.php(64): CodeIgniter\CodeIgniter->run()
#8 {main}
CRITICAL - 2023-02-14 21:25:27 --> Use of undefined constant application - assumed 'application' (this will throw an Error in a future version of PHP)
#0 C:\xampp\htdocs\diamondnxt\system\Images\Image.php(150): CodeIgniter\Debug\Exceptions->errorHandler(2, 'Use of undefine...', 'C:\\xampp\\htdocs...', 150, Array)
#1 C:\xampp\htdocs\diamondnxt\system\Images\Handlers\BaseHandler.php(173): CodeIgniter\Images\Image->getProperties(false)
#2 C:\xampp\htdocs\diamondnxt\app\Libraries\UploadImage.php(12): CodeIgniter\Images\Handlers\BaseHandler->withFile('C:\\xampp\\tmp\\ph...')
#3 C:\xampp\htdocs\diamondnxt\app\Modules\User\Controllers\Customer\Profile.php(28): App\Libraries\UploadImage->Image(Object(CodeIgniter\HTTP\Files\UploadedFile), 'public/uploads/...', '/public/uploads...', 300, 300)
#4 C:\xampp\htdocs\diamondnxt\system\CodeIgniter.php(926): App\Modules\User\Controllers\Customer\Profile->index()
#5 C:\xampp\htdocs\diamondnxt\system\CodeIgniter.php(412): CodeIgniter\CodeIgniter->runController(Object(App\Modules\User\Controllers\Customer\Profile))
#6 C:\xampp\htdocs\diamondnxt\system\CodeIgniter.php(320): CodeIgniter\CodeIgniter->handleRequest(NULL, Object(Config\Cache), false)
#7 C:\xampp\htdocs\diamondnxt\index.php(64): CodeIgniter\CodeIgniter->run()
#8 {main}
CRITICAL - 2023-02-14 21:25:46 --> Use of undefined constant application - assumed 'application' (this will throw an Error in a future version of PHP)
#0 C:\xampp\htdocs\diamondnxt\system\Images\Image.php(150): CodeIgniter\Debug\Exceptions->errorHandler(2, 'Use of undefine...', 'C:\\xampp\\htdocs...', 150, Array)
#1 C:\xampp\htdocs\diamondnxt\system\Images\Handlers\BaseHandler.php(173): CodeIgniter\Images\Image->getProperties(false)
#2 C:\xampp\htdocs\diamondnxt\app\Libraries\UploadImage.php(12): CodeIgniter\Images\Handlers\BaseHandler->withFile('C:\\xampp\\tmp\\ph...')
#3 C:\xampp\htdocs\diamondnxt\app\Modules\User\Controllers\Customer\Profile.php(192): App\Libraries\UploadImage->Image(Object(CodeIgniter\HTTP\Files\UploadedFile), 'public/uploads/...', '', 300, 300)
#4 C:\xampp\htdocs\diamondnxt\system\CodeIgniter.php(926): App\Modules\User\Controllers\Customer\Profile->withdraw()
#5 C:\xampp\htdocs\diamondnxt\system\CodeIgniter.php(412): CodeIgniter\CodeIgniter->runController(Object(App\Modules\User\Controllers\Customer\Profile))
#6 C:\xampp\htdocs\diamondnxt\system\CodeIgniter.php(320): CodeIgniter\CodeIgniter->handleRequest(NULL, Object(Config\Cache), false)
#7 C:\xampp\htdocs\diamondnxt\index.php(64): CodeIgniter\CodeIgniter->run()
#8 {main}
CRITICAL - 2023-02-14 21:26:57 --> Call to undefined method App\Libraries\UploadImage::image()
#0 C:\xampp\htdocs\diamondnxt\system\CodeIgniter.php(926): App\Modules\User\Controllers\Customer\Profile->index()
#1 C:\xampp\htdocs\diamondnxt\system\CodeIgniter.php(412): CodeIgniter\CodeIgniter->runController(Object(App\Modules\User\Controllers\Customer\Profile))
#2 C:\xampp\htdocs\diamondnxt\system\CodeIgniter.php(320): CodeIgniter\CodeIgniter->handleRequest(NULL, Object(Config\Cache), false)
#3 C:\xampp\htdocs\diamondnxt\index.php(64): CodeIgniter\CodeIgniter->run()
#4 {main}
